TN:
SF:C:\Users\Sadlize\dev\bem-bootstrap\components.tmpl-specs\alert\alert.bemhtml.js
FN:2,(anonymous_1)
FN:3,buildBemXjst
FN:6,(anonymous_3)
FN:7,(anonymous_4)
FN:7,(anonymous_5)
FN:7,e
FN:7,s
FN:7,(anonymous_8)
FN:7,(anonymous_9)
FN:19,Entity
FN:36,(anonymous_11)
FN:56,(anonymous_12)
FN:73,(anonymous_13)
FN:79,BEMHTML
FN:97,(anonymous_15)
FN:125,(anonymous_16)
FN:201,(anonymous_17)
FN:229,(anonymous_18)
FN:257,(anonymous_19)
FN:367,(anonymous_20)
FN:394,(anonymous_21)
FN:395,ClassBuilder
FN:411,(anonymous_23)
FN:418,(anonymous_24)
FN:424,(anonymous_25)
FN:430,(anonymous_26)
FN:437,(anonymous_27)
FN:441,(anonymous_28)
FN:444,Context
FN:477,(anonymous_30)
FN:486,(anonymous_31)
FN:490,(anonymous_32)
FN:494,(anonymous_33)
FN:498,(anonymous_34)
FN:502,(anonymous_35)
FN:510,Entity
FN:539,(anonymous_37)
FN:552,(anonymous_38)
FN:562,(anonymous_39)
FN:597,(anonymous_40)
FN:621,(anonymous_41)
FN:629,contentMode
FN:633,(anonymous_43)
FN:642,defaultBodyProxy
FN:648,(anonymous_45)
FN:649,BEMXJSTError
FN:664,(anonymous_47)
FN:674,BEMXJST
FN:687,ContextChild
FN:713,(anonymous_50)
FN:724,(anonymous_51)
FN:727,applyCtx
FN:731,_applyCtx
FN:735,applyCtxWrap
FN:740,(anonymous_55)
FN:745,_applyCtxWrap
FN:750,(anonymous_57)
FN:755,apply
FN:759,localWrap
FN:760,localBody
FN:779,applyNextWrap
FN:809,(anonymous_62)
FN:815,(anonymous_63)
FN:824,(anonymous_64)
FN:895,(anonymous_65)
FN:958,(anonymous_66)
FN:978,(anonymous_67)
FN:999,(anonymous_68)
FN:1004,(anonymous_69)
FN:1009,(anonymous_70)
FN:1019,(anonymous_71)
FN:1100,(anonymous_72)
FN:1108,(anonymous_73)
FN:1129,(anonymous_74)
FN:1161,(anonymous_75)
FN:1165,(anonymous_76)
FN:1193,(anonymous_77)
FN:1199,(anonymous_78)
FN:1203,(anonymous_79)
FN:1208,(anonymous_80)
FN:1218,(anonymous_81)
FN:1226,MatchNested
FN:1232,(anonymous_83)
FN:1249,MatchCustom
FN:1254,(anonymous_85)
FN:1258,MatchWrap
FN:1263,(anonymous_87)
FN:1269,MatchExtend
FN:1274,(anonymous_89)
FN:1280,AddWrap
FN:1286,(anonymous_91)
FN:1290,MatchTemplate
FN:1329,Match
FN:1349,(anonymous_94)
FN:1359,(anonymous_95)
FN:1369,(anonymous_96)
FN:1390,(anonymous_97)
FN:1460,(anonymous_98)
FN:1480,(anonymous_99)
FN:1486,(anonymous_100)
FN:1490,Template
FN:1497,(anonymous_102)
FN:1506,(anonymous_103)
FN:1510,MatchBase
FN:1514,(anonymous_105)
FN:1518,Item
FN:1533,WrapMatch
FN:1541,(anonymous_108)
FN:1545,(anonymous_109)
FN:1550,(anonymous_110)
FN:1555,ReplaceMatch
FN:1563,(anonymous_112)
FN:1567,(anonymous_113)
FN:1572,(anonymous_114)
FN:1578,ExtendMatch
FN:1586,(anonymous_116)
FN:1591,(anonymous_117)
FN:1602,(anonymous_118)
FN:1614,AddMatch
FN:1623,(anonymous_120)
FN:1627,(anonymous_121)
FN:1631,(anonymous_122)
FN:1636,(anonymous_123)
FN:1641,(anonymous_124)
FN:1645,(anonymous_125)
FN:1650,(anonymous_126)
FN:1655,(anonymous_127)
FN:1659,(anonymous_128)
FN:1667,(anonymous_129)
FN:1674,(anonymous_130)
FN:1675,(anonymous_131)
FN:1679,(anonymous_132)
FN:1682,(anonymous_133)
FN:1689,CompilerOptions
FN:1696,PropertyMatch
FN:1705,CustomMatch
FN:1713,Tree
FN:1745,(anonymous_138)
FN:1757,methodFactory
FN:1763,(anonymous_140)
FN:1768,(anonymous_141)
FN:1774,(anonymous_142)
FN:1789,(anonymous_143)
FN:1801,(anonymous_144)
FN:1822,(anonymous_145)
FN:1836,(anonymous_146)
FN:1858,(anonymous_147)
FN:1867,(anonymous_148)
FN:1874,(anonymous_149)
FN:1875,(anonymous_150)
FN:1881,(anonymous_151)
FN:1882,(anonymous_152)
FN:1888,(anonymous_153)
FN:1894,(anonymous_154)
FN:1895,(anonymous_155)
FN:1900,(anonymous_156)
FN:1901,(anonymous_157)
FN:1907,capitalize
FN:1911,(anonymous_159)
FN:1912,(anonymous_160)
FN:1918,(anonymous_161)
FN:1922,(anonymous_162)
FN:1926,(anonymous_163)
FN:1930,(anonymous_164)
FN:1934,(anonymous_165)
FN:1943,isEmpty
FN:1949,(anonymous_167)
FN:1993,(anonymous_168)
FN:2034,(anonymous_169)
FN:2073,(anonymous_170)
FN:2096,(anonymous_171)
FN:2100,isSimple
FN:2113,(anonymous_173)
FN:2123,getUniq
FN:2128,(anonymous_175)
FN:2139,(anonymous_176)
FN:2175,(anonymous_177)
FN:2179,(anonymous_178)
FN:2182,inherits
FN:2195,inherits
FN:2197,(anonymous_181)
FN:2209,(anonymous_182)
FN:12,(anonymous_183)
FN:40,(anonymous_184)
FN:47,(anonymous_185)
FN:2283,(anonymous_186)
FN:2285,(anonymous_187)
FN:2299,(anonymous_188)
FNF:188
FNH:104
FNDA:4,(anonymous_1)
FNDA:4,buildBemXjst
FNDA:4,(anonymous_3)
FNDA:4,(anonymous_4)
FNDA:4,(anonymous_5)
FNDA:4,e
FNDA:92,s
FNDA:84,(anonymous_8)
FNDA:4,(anonymous_9)
FNDA:16,Entity
FNDA:18,(anonymous_11)
FNDA:14,(anonymous_12)
FNDA:4,(anonymous_13)
FNDA:4,BEMHTML
FNDA:3,(anonymous_15)
FNDA:14,(anonymous_16)
FNDA:14,(anonymous_17)
FNDA:14,(anonymous_18)
FNDA:1,(anonymous_19)
FNDA:14,(anonymous_20)
FNDA:4,(anonymous_21)
FNDA:4,ClassBuilder
FNDA:56,(anonymous_23)
FNDA:12,(anonymous_24)
FNDA:12,(anonymous_25)
FNDA:0,(anonymous_26)
FNDA:8,(anonymous_27)
FNDA:4,(anonymous_28)
FNDA:4,Context
FNDA:0,(anonymous_30)
FNDA:0,(anonymous_31)
FNDA:0,(anonymous_32)
FNDA:0,(anonymous_33)
FNDA:0,(anonymous_34)
FNDA:4,(anonymous_35)
FNDA:16,Entity
FNDA:0,(anonymous_37)
FNDA:20,(anonymous_38)
FNDA:16,(anonymous_39)
FNDA:0,(anonymous_40)
FNDA:14,(anonymous_41)
FNDA:11,contentMode
FNDA:24,(anonymous_43)
FNDA:0,defaultBodyProxy
FNDA:0,(anonymous_45)
FNDA:0,BEMXJSTError
FNDA:4,(anonymous_47)
FNDA:4,BEMXJST
FNDA:4,ContextChild
FNDA:4,(anonymous_50)
FNDA:4,(anonymous_51)
FNDA:0,applyCtx
FNDA:0,_applyCtx
FNDA:0,applyCtxWrap
FNDA:0,(anonymous_55)
FNDA:0,_applyCtxWrap
FNDA:0,(anonymous_57)
FNDA:0,apply
FNDA:0,localWrap
FNDA:0,localBody
FNDA:2,applyNextWrap
FNDA:0,(anonymous_62)
FNDA:4,(anonymous_63)
FNDA:4,(anonymous_64)
FNDA:4,(anonymous_65)
FNDA:29,(anonymous_66)
FNDA:4,(anonymous_67)
FNDA:0,(anonymous_68)
FNDA:0,(anonymous_69)
FNDA:12,(anonymous_70)
FNDA:14,(anonymous_71)
FNDA:0,(anonymous_72)
FNDA:14,(anonymous_73)
FNDA:0,(anonymous_74)
FNDA:2,(anonymous_75)
FNDA:0,(anonymous_76)
FNDA:0,(anonymous_77)
FNDA:4,(anonymous_78)
FNDA:4,(anonymous_79)
FNDA:0,(anonymous_80)
FNDA:4,(anonymous_81)
FNDA:8,MatchNested
FNDA:22,(anonymous_83)
FNDA:0,MatchCustom
FNDA:0,(anonymous_85)
FNDA:0,MatchWrap
FNDA:0,(anonymous_87)
FNDA:0,MatchExtend
FNDA:0,(anonymous_89)
FNDA:0,AddWrap
FNDA:0,(anonymous_91)
FNDA:24,MatchTemplate
FNDA:160,Match
FNDA:0,(anonymous_94)
FNDA:24,(anonymous_95)
FNDA:14,(anonymous_96)
FNDA:115,(anonymous_97)
FNDA:115,(anonymous_98)
FNDA:115,(anonymous_99)
FNDA:4,(anonymous_100)
FNDA:44,Template
FNDA:20,(anonymous_102)
FNDA:20,(anonymous_103)
FNDA:40,MatchBase
FNDA:56,(anonymous_105)
FNDA:72,Item
FNDA:0,WrapMatch
FNDA:0,(anonymous_108)
FNDA:0,(anonymous_109)
FNDA:0,(anonymous_110)
FNDA:0,ReplaceMatch
FNDA:0,(anonymous_112)
FNDA:0,(anonymous_113)
FNDA:0,(anonymous_114)
FNDA:0,ExtendMatch
FNDA:0,(anonymous_116)
FNDA:0,(anonymous_117)
FNDA:0,(anonymous_118)
FNDA:0,AddMatch
FNDA:0,(anonymous_120)
FNDA:0,(anonymous_121)
FNDA:0,(anonymous_122)
FNDA:0,(anonymous_123)
FNDA:0,(anonymous_124)
FNDA:0,(anonymous_125)
FNDA:0,(anonymous_126)
FNDA:0,(anonymous_127)
FNDA:0,(anonymous_128)
FNDA:0,(anonymous_129)
FNDA:16,(anonymous_130)
FNDA:0,(anonymous_131)
FNDA:0,(anonymous_132)
FNDA:0,(anonymous_133)
FNDA:0,CompilerOptions
FNDA:40,PropertyMatch
FNDA:0,CustomMatch
FNDA:4,Tree
FNDA:4,(anonymous_138)
FNDA:224,methodFactory
FNDA:0,(anonymous_140)
FNDA:36,(anonymous_141)
FNDA:8,(anonymous_142)
FNDA:8,(anonymous_143)
FNDA:64,(anonymous_144)
FNDA:32,(anonymous_145)
FNDA:40,(anonymous_146)
FNDA:20,(anonymous_147)
FNDA:0,(anonymous_148)
FNDA:12,(anonymous_149)
FNDA:36,(anonymous_150)
FNDA:8,(anonymous_151)
FNDA:4,(anonymous_152)
FNDA:0,(anonymous_153)
FNDA:36,(anonymous_154)
FNDA:20,(anonymous_155)
FNDA:8,(anonymous_156)
FNDA:0,(anonymous_157)
FNDA:20,capitalize
FNDA:20,(anonymous_159)
FNDA:0,(anonymous_160)
FNDA:0,(anonymous_161)
FNDA:0,(anonymous_162)
FNDA:0,(anonymous_163)
FNDA:4,(anonymous_164)
FNDA:4,(anonymous_165)
FNDA:19,isEmpty
FNDA:0,(anonymous_167)
FNDA:19,(anonymous_168)
FNDA:0,(anonymous_169)
FNDA:0,(anonymous_170)
FNDA:14,(anonymous_171)
FNDA:44,isSimple
FNDA:14,(anonymous_173)
FNDA:0,getUniq
FNDA:0,(anonymous_175)
FNDA:0,(anonymous_176)
FNDA:0,(anonymous_177)
FNDA:4,(anonymous_178)
FNDA:40,inherits
FNDA:0,inherits
FNDA:0,(anonymous_181)
FNDA:4,(anonymous_182)
FNDA:1,(anonymous_183)
FNDA:1,(anonymous_184)
FNDA:1,(anonymous_185)
FNDA:4,(anonymous_186)
FNDA:0,(anonymous_187)
FNDA:0,(anonymous_188)
DA:1,4
DA:2,4
DA:3,1
DA:4,4
DA:6,4
DA:7,92
DA:8,4
DA:9,4
DA:10,4
DA:13,1
DA:17,1
DA:18,1
DA:19,1
DA:20,16
DA:22,16
DA:25,16
DA:26,16
DA:27,16
DA:28,16
DA:30,16
DA:31,1
DA:33,4
DA:34,4
DA:36,4
DA:37,18
DA:38,18
DA:39,4
DA:41,18
DA:44,4
DA:48,1
DA:56,4
DA:57,14
DA:58,14
DA:60,14
DA:74,4
DA:75,4
DA:76,4
DA:77,4
DA:79,1
DA:80,4
DA:82,4
DA:85,4
DA:86,4
DA:87,4
DA:92,4
DA:93,4
DA:95,4
DA:97,4
DA:98,3
DA:99,3
DA:100,3
DA:101,3
DA:103,3
DA:104,0
DA:106,3
DA:107,3
DA:109,3
DA:111,3
DA:112,0
DA:113,0
DA:115,3
DA:116,11
DA:119,3
DA:120,3
DA:122,3
DA:125,4
DA:127,14
DA:129,14
DA:130,11
DA:131,3
DA:132,0
DA:134,14
DA:136,14
DA:137,0
DA:139,14
DA:140,14
DA:141,0
DA:142,0
DA:145,14
DA:146,14
DA:148,14
DA:154,14
DA:155,1
DA:157,13
DA:158,13
DA:159,13
DA:160,12
DA:161,12
DA:164,12
DA:165,1
DA:166,1
DA:167,1
DA:168,1
DA:171,12
DA:172,0
DA:175,1
DA:179,13
DA:180,0
DA:182,13
DA:186,13
DA:187,0
DA:189,13
DA:192,4
DA:201,4
DA:203,14
DA:205,14
DA:207,14
DA:208,0
DA:209,0
DA:210,0
DA:212,14
DA:213,14
DA:214,0
DA:217,14
DA:218,14
DA:220,14
DA:221,14
DA:224,14
DA:225,0
DA:226,14
DA:229,4
DA:230,14
DA:233,14
DA:236,14
DA:237,18
DA:238,18
DA:239,0
DA:241,18
DA:242,0
DA:244,18
DA:245,18
DA:247,18
DA:254,14
DA:257,4
DA:258,1
DA:259,1
DA:260,1
DA:261,1
DA:263,1
DA:266,1
DA:267,0
DA:269,1
DA:271,1
DA:272,1
DA:273,3
DA:274,3
DA:275,1
DA:276,2
DA:277,2
DA:279,2
DA:281,2
DA:282,0
DA:284,2
DA:285,2
DA:289,2
DA:290,2
DA:291,2
DA:293,2
DA:296,2
DA:297,2
DA:299,2
DA:303,2
DA:304,0
DA:305,0
DA:307,0
DA:309,0
DA:310,0
DA:316,2
DA:317,0
DA:318,0
DA:319,0
DA:320,0
DA:324,2
DA:325,0
DA:327,2
DA:328,2
DA:329,2
DA:330,2
DA:332,0
DA:333,0
DA:334,0
DA:335,0
DA:336,0
DA:338,0
DA:339,0
DA:341,0
DA:342,0
DA:343,0
DA:345,0
DA:348,0
DA:350,0
DA:351,0
DA:352,0
DA:360,1
DA:367,4
DA:368,14
DA:369,2
DA:371,12
DA:373,12
DA:376,12
DA:377,12
DA:378,0
DA:380,12
DA:381,12
DA:382,12
DA:383,0
DA:385,12
DA:386,12
DA:391,12
DA:395,1
DA:396,4
DA:398,4
DA:409,4
DA:411,4
DA:412,56
DA:413,43
DA:415,13
DA:418,4
DA:419,12
DA:420,12
DA:421,12
DA:424,4
DA:425,12
DA:426,12
DA:427,12
DA:430,4
DA:431,0
DA:437,4
DA:438,8
DA:442,4
DA:444,1
DA:445,4
DA:447,4
DA:448,4
DA:451,4
DA:453,4
DA:454,4
DA:455,4
DA:457,4
DA:458,4
DA:459,4
DA:461,4
DA:463,4
DA:465,4
DA:467,4
DA:469,4
DA:470,4
DA:471,4
DA:473,4
DA:474,4
DA:475,4
DA:477,4
DA:478,0
DA:486,4
DA:487,0
DA:490,4
DA:491,0
DA:494,4
DA:495,0
DA:498,4
DA:499,0
DA:503,4
DA:504,4
DA:505,4
DA:506,4
DA:507,4
DA:508,4
DA:510,1
DA:511,16
DA:513,16
DA:514,16
DA:517,16
DA:520,16
DA:523,16
DA:524,16
DA:525,16
DA:526,16
DA:527,16
DA:528,16
DA:531,16
DA:534,16
DA:535,16
DA:537,4
DA:539,4
DA:540,0
DA:541,0
DA:544,4
DA:552,4
DA:553,20
DA:554,0
DA:555,20
DA:556,20
DA:558,0
DA:562,4
DA:564,16
DA:565,20
DA:567,20
DA:568,20
DA:569,20
DA:570,0
DA:572,20
DA:573,0
DA:575,20
DA:576,20
DA:579,20
DA:580,20
DA:583,20
DA:584,0
DA:587,20
DA:588,8
DA:589,8
DA:590,8
DA:592,0
DA:597,4
DA:599,0
DA:600,0
DA:601,0
DA:602,0
DA:603,0
DA:605,0
DA:609,0
DA:610,0
DA:611,0
DA:612,0
DA:613,0
DA:615,0
DA:616,0
DA:621,4
DA:622,14
DA:623,0
DA:625,14
DA:629,1
DA:630,11
DA:633,4
DA:635,24
DA:636,4
DA:639,24
DA:640,0
DA:641,0
DA:642,0
DA:643,0
DA:649,1
DA:650,0
DA:651,0
DA:653,0
DA:654,0
DA:656,0
DA:659,0
DA:660,0
DA:662,0
DA:665,4
DA:667,4
DA:668,4
DA:669,4
DA:670,4
DA:671,4
DA:672,4
DA:674,1
DA:675,4
DA:677,4
DA:678,4
DA:681,4
DA:684,4
DA:687,4
DA:688,4
DA:690,4
DA:691,4
DA:693,4
DA:696,4
DA:699,4
DA:702,4
DA:705,4
DA:706,4
DA:708,4
DA:710,4
DA:713,4
DA:714,4
DA:716,4
DA:717,4
DA:719,4
DA:720,4
DA:724,4
DA:725,4
DA:727,1
DA:728,0
DA:731,1
DA:732,0
DA:735,1
DA:737,0
DA:738,0
DA:740,0
DA:741,0
DA:745,1
DA:747,0
DA:748,0
DA:750,0
DA:751,0
DA:755,1
DA:756,0
DA:759,1
DA:760,0
DA:761,0
DA:765,4
DA:774,4
DA:776,4
DA:780,2
DA:781,0
DA:782,2
DA:789,4
DA:790,0
DA:792,0
DA:797,4
DA:800,4
DA:803,4
DA:805,4
DA:806,4
DA:809,4
DA:810,0
DA:812,0
DA:815,4
DA:816,4
DA:818,4
DA:819,4
DA:821,0
DA:824,4
DA:825,4
DA:826,4
DA:828,20
DA:829,20
DA:830,20
DA:832,20
DA:833,20
DA:834,56
DA:835,56
DA:837,0
DA:839,56
DA:840,20
DA:841,36
DA:842,8
DA:844,28
DA:847,28
DA:848,28
DA:851,20
DA:852,0
DA:855,0
DA:856,0
DA:858,0
DA:859,0
DA:861,0
DA:862,0
DA:864,0
DA:865,0
DA:869,0
DA:874,0
DA:879,0
DA:880,0
DA:883,0
DA:886,20
DA:888,20
DA:889,8
DA:890,20
DA:892,4
DA:895,4
DA:896,4
DA:898,4
DA:899,4
DA:900,8
DA:903,8
DA:904,8
DA:905,8
DA:907,8
DA:908,0
DA:910,8
DA:915,4
DA:916,0
DA:917,0
DA:918,0
DA:919,0
DA:920,0
DA:922,0
DA:924,0
DA:925,0
DA:929,4
DA:930,0
DA:931,0
DA:932,0
DA:933,0
DA:934,0
DA:935,0
DA:936,0
DA:938,0
DA:939,0
DA:940,0
DA:942,0
DA:944,0
DA:948,4
DA:949,8
DA:950,8
DA:951,8
DA:952,8
DA:955,4
DA:958,4
DA:959,29
DA:960,0
DA:961,29
DA:962,3
DA:963,26
DA:971,0
DA:972,26
DA:973,12
DA:975,14
DA:978,4
DA:979,4
DA:980,4
DA:981,4
DA:983,4
DA:984,4
DA:985,4
DA:986,4
DA:987,4
DA:989,4
DA:990,0
DA:992,4
DA:993,4
DA:994,4
DA:996,4
DA:999,4
DA:1000,0
DA:1001,0
DA:1004,4
DA:1005,0
DA:1006,0
DA:1009,4
DA:1010,12
DA:1011,12
DA:1012,0
DA:1014,12
DA:1019,4
DA:1020,14
DA:1022,14
DA:1023,14
DA:1024,14
DA:1025,14
DA:1026,14
DA:1027,14
DA:1029,14
DA:1030,12
DA:1032,2
DA:1034,14
DA:1035,14
DA:1036,11
DA:1038,11
DA:1039,11
DA:1040,0
DA:1041,0
DA:1043,3
DA:1044,2
DA:1045,1
DA:1046,0
DA:1049,14
DA:1050,14
DA:1051,0
DA:1053,14
DA:1055,14
DA:1056,14
DA:1059,14
DA:1060,12
DA:1062,2
DA:1065,14
DA:1067,14
DA:1068,14
DA:1069,14
DA:1070,12
DA:1072,0
DA:1073,0
DA:1077,2
DA:1078,2
DA:1079,0
DA:1080,2
DA:1083,14
DA:1087,14
DA:1088,14
DA:1089,14
DA:1090,14
DA:1091,14
DA:1092,14
DA:1093,14
DA:1094,14
DA:1095,0
DA:1097,14
DA:1100,4
DA:1101,0
DA:1102,0
DA:1104,0
DA:1108,4
DA:1109,14
DA:1110,14
DA:1111,14
DA:1112,14
DA:1114,14
DA:1115,14
DA:1116,12
DA:1117,12
DA:1120,14
DA:1122,14
DA:1123,14
DA:1124,14
DA:1126,14
DA:1129,4
DA:1130,0
DA:1131,0
DA:1132,0
DA:1133,0
DA:1134,0
DA:1136,0
DA:1137,0
DA:1138,0
DA:1140,0
DA:1144,0
DA:1147,0
DA:1149,0
DA:1150,0
DA:1151,0
DA:1152,0
DA:1153,0
DA:1155,0
DA:1158,0
DA:1161,4
DA:1162,2
DA:1165,4
DA:1166,0
DA:1167,0
DA:1169,0
DA:1170,0
DA:1171,0
DA:1173,0
DA:1176,0
DA:1177,0
DA:1178,0
DA:1180,0
DA:1181,0
DA:1183,0
DA:1186,0
DA:1187,0
DA:1189,0
DA:1193,0
DA:1194,0
DA:1196,0
DA:1199,4
DA:1200,4
DA:1201,4
DA:1203,4
DA:1204,4
DA:1208,4
DA:1209,0
DA:1210,0
DA:1213,4
DA:1215,4
DA:1219,4
DA:1220,4
DA:1221,4
DA:1222,4
DA:1223,4
DA:1224,4
DA:1226,1
DA:1227,8
DA:1228,8
DA:1229,8
DA:1232,4
DA:1233,22
DA:1235,22
DA:1236,22
DA:1237,22
DA:1238,0
DA:1241,22
DA:1243,22
DA:1244,0
DA:1246,22
DA:1249,1
DA:1250,0
DA:1251,0
DA:1254,4
DA:1255,0
DA:1258,1
DA:1259,0
DA:1260,0
DA:1263,4
DA:1264,0
DA:1265,0
DA:1266,0
DA:1269,1
DA:1270,0
DA:1271,0
DA:1274,4
DA:1275,0
DA:1276,0
DA:1277,0
DA:1280,1
DA:1281,0
DA:1282,0
DA:1283,0
DA:1286,4
DA:1287,0
DA:1290,1
DA:1291,24
DA:1292,24
DA:1293,24
DA:1295,24
DA:1297,24
DA:1298,8
DA:1299,8
DA:1300,8
DA:1301,0
DA:1302,0
DA:1303,0
DA:1304,0
DA:1305,0
DA:1306,0
DA:1307,0
DA:1311,0
DA:1312,0
DA:1313,0
DA:1316,0
DA:1321,24
DA:1322,0
DA:1324,24
DA:1325,0
DA:1327,4
DA:1329,1
DA:1330,160
DA:1331,160
DA:1332,160
DA:1333,160
DA:1336,160
DA:1339,160
DA:1340,160
DA:1342,160
DA:1343,160
DA:1345,160
DA:1347,4
DA:1349,4
DA:1350,0
DA:1351,0
DA:1353,0
DA:1354,0
DA:1356,0
DA:1359,4
DA:1360,24
DA:1361,24
DA:1363,24
DA:1364,0
DA:1366,24
DA:1369,4
DA:1370,14
DA:1371,14
DA:1373,0
DA:1374,0
DA:1375,0
DA:1376,0
DA:1377,0
DA:1379,0
DA:1380,0
DA:1384,0
DA:1390,4
DA:1391,115
DA:1393,115
DA:1394,115
DA:1395,115
DA:1396,115
DA:1397,115
DA:1398,48
DA:1399,46
DA:1400,46
DA:1401,22
DA:1404,22
DA:1405,20
DA:1409,46
DA:1410,26
DA:1413,22
DA:1414,0
DA:1415,0
DA:1416,0
DA:1418,22
DA:1422,115
DA:1423,89
DA:1425,89
DA:1426,14
DA:1428,75
DA:1429,1
DA:1431,74
DA:1434,26
DA:1435,26
DA:1436,26
DA:1437,26
DA:1439,26
DA:1441,26
DA:1442,26
DA:1443,14
DA:1445,12
DA:1447,26
DA:1448,26
DA:1449,26
DA:1451,26
DA:1452,26
DA:1453,0
DA:1454,0
DA:1457,26
DA:1460,4
DA:1461,115
DA:1462,113
DA:1463,113
DA:1466,2
DA:1467,2
DA:1469,0
DA:1470,0
DA:1472,0
DA:1474,0
DA:1475,0
DA:1477,0
DA:1480,4
DA:1481,115
DA:1482,0
DA:1483,115
DA:1487,4
DA:1488,4
DA:1490,1
DA:1491,44
DA:1493,44
DA:1495,4
DA:1497,4
DA:1498,20
DA:1499,20
DA:1500,56
DA:1501,56
DA:1503,20
DA:1506,4
DA:1507,20
DA:1510,1
DA:1512,4
DA:1514,4
DA:1515,56
DA:1518,1
DA:1519,72
DA:1520,72
DA:1522,72
DA:1523,80
DA:1524,80
DA:1525,40
DA:1526,40
DA:1527,20
DA:1529,20
DA:1533,1
DA:1534,0
DA:1536,0
DA:1538,4
DA:1539,4
DA:1541,4
DA:1542,0
DA:1544,0
DA:1545,0
DA:1546,0
DA:1550,0
DA:1551,0
DA:1555,1
DA:1556,0
DA:1558,0
DA:1560,4
DA:1561,4
DA:1563,4
DA:1564,0
DA:1566,0
DA:1567,0
DA:1568,0
DA:1572,0
DA:1573,0
DA:1578,1
DA:1579,0
DA:1581,0
DA:1583,4
DA:1584,4
DA:1586,4
DA:1587,0
DA:1588,0
DA:1590,0
DA:1591,0
DA:1592,0
DA:1594,0
DA:1595,0
DA:1596,0
DA:1598,0
DA:1602,0
DA:1603,0
DA:1605,0
DA:1606,0
DA:1607,0
DA:1608,0
DA:1610,0
DA:1614,1
DA:1615,0
DA:1617,0
DA:1618,0
DA:1620,4
DA:1621,4
DA:1623,4
DA:1624,0
DA:1627,4
DA:1628,0
DA:1630,0
DA:1631,0
DA:1632,0
DA:1636,0
DA:1637,0
DA:1641,4
DA:1642,0
DA:1644,0
DA:1645,0
DA:1646,0
DA:1650,0
DA:1651,0
DA:1655,4
DA:1656,0
DA:1658,0
DA:1659,0
DA:1660,0
DA:1662,0
DA:1663,0
DA:1667,0
DA:1668,0
DA:1669,0
DA:1670,0
DA:1674,4
DA:1675,16
DA:1676,0
DA:1678,0
DA:1680,0
DA:1683,0
DA:1689,1
DA:1690,0
DA:1691,0
DA:1693,4
DA:1694,4
DA:1696,1
DA:1697,40
DA:1699,40
DA:1700,40
DA:1702,4
DA:1703,4
DA:1705,1
DA:1706,0
DA:1708,0
DA:1710,4
DA:1711,4
DA:1713,1
DA:1714,4
DA:1715,4
DA:1717,4
DA:1719,4
DA:1720,4
DA:1721,112
DA:1723,112
DA:1726,4
DA:1727,4
DA:1728,4
DA:1730,4
DA:1732,4
DA:1745,4
DA:1746,4
DA:1747,4
DA:1749,4
DA:1751,4
DA:1757,1
DA:1758,224
DA:1759,224
DA:1761,224
DA:1762,112
DA:1763,12
DA:1764,0
DA:1768,100
DA:1769,36
DA:1770,36
DA:1774,112
DA:1775,8
DA:1778,8
DA:1779,8
DA:1780,8
DA:1781,8
DA:1783,8
DA:1784,0
DA:1785,8
DA:1789,4
DA:1790,8
DA:1792,8
DA:1793,224
DA:1794,224
DA:1797,8
DA:1801,4
DA:1802,64
DA:1806,64
DA:1807,72
DA:1810,72
DA:1811,52
DA:1815,20
DA:1816,20
DA:1817,20
DA:1822,4
DA:1823,32
DA:1824,32
DA:1825,40
DA:1827,32
DA:1828,32
DA:1830,32
DA:1831,12
DA:1833,32
DA:1836,4
DA:1837,40
DA:1839,40
DA:1840,0
DA:1842,40
DA:1843,40
DA:1844,40
DA:1845,0
DA:1847,40
DA:1848,0
DA:1850,40
DA:1853,40
DA:1855,40
DA:1858,4
DA:1859,20
DA:1860,0
DA:1864,20
DA:1867,4
DA:1868,0
DA:1871,0
DA:1874,4
DA:1875,12
DA:1876,36
DA:1881,4
DA:1882,8
DA:1883,4
DA:1888,4
DA:1889,0
DA:1892,4
DA:1895,36
DA:1896,20
DA:1900,4
DA:1901,8
DA:1902,0
DA:1907,1
DA:1908,20
DA:1911,4
DA:1912,20
DA:1913,0
DA:1918,4
DA:1919,0
DA:1922,4
DA:1923,0
DA:1926,4
DA:1927,0
DA:1930,4
DA:1931,4
DA:1935,4
DA:1936,4
DA:1937,4
DA:1938,4
DA:1939,4
DA:1941,4
DA:1943,1
DA:1944,19
DA:1949,4
DA:1950,0
DA:1951,0
DA:1953,0
DA:1954,0
DA:1956,0
DA:1957,0
DA:1959,0
DA:1960,0
DA:1961,0
DA:1962,0
DA:1964,0
DA:1965,0
DA:1967,0
DA:1968,0
DA:1970,0
DA:1971,0
DA:1973,0
DA:1974,0
DA:1976,0
DA:1979,0
DA:1980,0
DA:1982,0
DA:1983,0
DA:1986,0
DA:1991,4
DA:1993,4
DA:1994,19
DA:1995,0
DA:1997,19
DA:1998,19
DA:2000,19
DA:2001,19
DA:2003,0
DA:2004,0
DA:2005,0
DA:2006,0
DA:2008,0
DA:2009,0
DA:2011,0
DA:2012,0
DA:2014,0
DA:2015,0
DA:2017,0
DA:2020,0
DA:2021,0
DA:2023,0
DA:2024,0
DA:2027,0
DA:2032,4
DA:2034,4
DA:2035,0
DA:2036,0
DA:2038,0
DA:2039,0
DA:2041,0
DA:2042,0
DA:2044,0
DA:2045,0
DA:2046,0
DA:2047,0
DA:2049,0
DA:2050,0
DA:2052,0
DA:2053,0
DA:2055,0
DA:2056,0
DA:2058,0
DA:2061,0
DA:2062,0
DA:2064,0
DA:2065,0
DA:2068,0
DA:2073,4
DA:2074,0
DA:2075,0
DA:2077,0
DA:2078,0
DA:2080,0
DA:2082,0
DA:2083,0
DA:2084,0
DA:2086,0
DA:2087,0
DA:2088,0
DA:2091,4
DA:2096,4
DA:2097,14
DA:2100,4
DA:2101,44
DA:2102,44
DA:2109,0
DA:2110,44
DA:2113,4
DA:2114,14
DA:2118,4
DA:2119,4
DA:2120,4
DA:2121,4
DA:2123,1
DA:2124,0
DA:2126,4
DA:2128,4
DA:2129,0
DA:2130,0
DA:2131,0
DA:2132,0
DA:2134,0
DA:2135,0
DA:2136,0
DA:2139,4
DA:2141,0
DA:2142,0
DA:2144,0
DA:2156,0
DA:2157,0
DA:2164,0
DA:2173,4
DA:2175,4
DA:2176,0
DA:2180,4
DA:2182,4
DA:2183,40
DA:2184,40
DA:2195,0
DA:2196,0
DA:2197,0
DA:2198,0
DA:2199,0
DA:2200,0
DA:2206,4
DA:2208,4
DA:2209,4
DA:2283,4
DA:2284,4
DA:2285,4
DA:2286,0
DA:2290,4
DA:2291,4
DA:2292,4
DA:2295,4
DA:2296,4
DA:2297,4
DA:2298,4
DA:2299,0
DA:2301,4
LF:1214
LH:778
BRDA:7,1,0,4
BRDA:7,1,1,0
BRDA:7,2,0,4
BRDA:7,2,1,4
BRDA:7,3,0,0
BRDA:7,3,1,0
BRDA:7,4,0,0
BRDA:7,4,1,0
BRDA:7,5,0,0
BRDA:7,5,1,0
BRDA:7,6,0,0
BRDA:7,6,1,0
BRDA:7,7,0,0
BRDA:7,7,1,0
BRDA:7,8,0,40
BRDA:7,8,1,52
BRDA:7,9,0,0
BRDA:7,9,1,40
BRDA:7,10,0,0
BRDA:7,10,1,0
BRDA:7,11,0,0
BRDA:7,11,1,0
BRDA:7,12,0,0
BRDA:7,12,1,0
BRDA:7,13,0,0
BRDA:7,13,1,0
BRDA:7,14,0,84
BRDA:7,14,1,0
BRDA:7,15,0,4
BRDA:7,15,1,4
BRDA:58,16,0,1
BRDA:58,16,1,13
BRDA:83,17,0,0
BRDA:83,17,1,4
BRDA:82,18,0,4
BRDA:82,18,1,0
BRDA:88,19,0,4
BRDA:88,19,1,0
BRDA:103,20,0,0
BRDA:103,20,1,3
BRDA:111,21,0,0
BRDA:111,21,1,3
BRDA:119,22,0,3
BRDA:119,22,1,0
BRDA:129,23,0,11
BRDA:129,23,1,3
BRDA:131,24,0,0
BRDA:131,24,1,3
BRDA:132,25,0,0
BRDA:132,25,1,0
BRDA:132,26,0,0
BRDA:132,26,1,0
BRDA:136,27,0,0
BRDA:136,27,1,14
BRDA:140,28,0,0
BRDA:140,28,1,14
BRDA:145,29,0,0
BRDA:145,29,1,14
BRDA:145,30,0,14
BRDA:145,30,1,2
BRDA:148,31,0,14
BRDA:148,31,1,0
BRDA:150,32,0,0
BRDA:150,32,1,0
BRDA:151,33,0,0
BRDA:151,33,1,0
BRDA:154,34,0,1
BRDA:154,34,1,13
BRDA:154,35,0,14
BRDA:154,35,1,2
BRDA:159,36,0,12
BRDA:159,36,1,1
BRDA:162,37,0,1
BRDA:162,37,1,11
BRDA:164,38,0,1
BRDA:164,38,1,11
BRDA:171,39,0,0
BRDA:171,39,1,12
BRDA:173,40,0,0
BRDA:173,40,1,0
BRDA:176,41,0,1
BRDA:176,41,1,0
BRDA:179,42,0,0
BRDA:179,42,1,13
BRDA:183,43,0,0
BRDA:183,43,1,13
BRDA:182,44,0,13
BRDA:182,44,1,0
BRDA:186,45,0,0
BRDA:186,45,1,13
BRDA:186,46,0,13
BRDA:186,46,1,12
BRDA:207,47,0,0
BRDA:207,47,1,14
BRDA:209,48,0,0
BRDA:209,48,1,0
BRDA:213,49,0,0
BRDA:213,49,1,14
BRDA:217,50,0,14
BRDA:217,50,1,0
BRDA:217,51,0,14
BRDA:217,51,1,0
BRDA:220,52,0,14
BRDA:220,52,1,0
BRDA:220,53,0,14
BRDA:220,53,1,0
BRDA:224,54,0,0
BRDA:224,54,1,14
BRDA:233,55,0,14
BRDA:233,55,1,0
BRDA:238,56,0,0
BRDA:238,56,1,18
BRDA:238,57,0,18
BRDA:238,57,1,18
BRDA:238,57,2,18
BRDA:241,58,0,0
BRDA:241,58,1,18
BRDA:244,59,0,18
BRDA:244,59,1,0
BRDA:248,60,0,0
BRDA:248,60,1,18
BRDA:247,61,0,18
BRDA:247,61,1,0
BRDA:266,62,0,0
BRDA:266,62,1,1
BRDA:274,63,0,1
BRDA:274,63,1,2
BRDA:276,64,0,2
BRDA:276,64,1,0
BRDA:281,65,0,0
BRDA:281,65,1,2
BRDA:282,66,0,0
BRDA:282,66,1,0
BRDA:282,66,2,0
BRDA:282,66,3,0
BRDA:284,67,0,2
BRDA:284,67,1,0
BRDA:285,68,0,2
BRDA:285,68,1,0
BRDA:285,68,2,0
BRDA:285,69,0,2
BRDA:285,69,1,0
BRDA:289,70,0,2
BRDA:289,70,1,0
BRDA:289,70,2,0
BRDA:290,71,0,2
BRDA:290,71,1,2
BRDA:290,71,2,2
BRDA:293,72,0,2
BRDA:293,72,1,2
BRDA:293,72,2,2
BRDA:295,73,0,2
BRDA:295,73,1,0
BRDA:296,74,0,2
BRDA:296,74,1,0
BRDA:301,75,0,0
BRDA:301,75,1,2
BRDA:300,76,0,2
BRDA:300,76,1,2
BRDA:300,76,2,0
BRDA:300,76,3,0
BRDA:303,77,0,0
BRDA:303,77,1,2
BRDA:304,78,0,0
BRDA:304,78,1,0
BRDA:308,79,0,0
BRDA:308,79,1,0
BRDA:309,80,0,0
BRDA:309,80,1,0
BRDA:311,81,0,0
BRDA:311,81,1,0
BRDA:311,82,0,0
BRDA:311,82,1,0
BRDA:312,83,0,0
BRDA:312,83,1,0
BRDA:316,84,0,0
BRDA:316,84,1,2
BRDA:324,85,0,0
BRDA:324,85,1,2
BRDA:324,86,0,2
BRDA:324,86,1,2
BRDA:329,87,0,2
BRDA:329,87,1,0
BRDA:338,88,0,0
BRDA:338,88,1,0
BRDA:343,89,0,0
BRDA:343,89,1,0
BRDA:345,90,0,0
BRDA:345,90,1,0
BRDA:345,91,0,0
BRDA:345,91,1,0
BRDA:345,91,2,0
BRDA:348,92,0,0
BRDA:348,92,1,0
BRDA:368,93,0,2
BRDA:368,93,1,12
BRDA:377,94,0,0
BRDA:377,94,1,12
BRDA:377,95,0,12
BRDA:377,95,1,12
BRDA:381,96,0,0
BRDA:381,96,1,12
BRDA:381,97,0,12
BRDA:381,97,1,0
BRDA:382,98,0,0
BRDA:382,98,1,12
BRDA:387,99,0,0
BRDA:387,99,1,12
BRDA:396,100,0,4
BRDA:396,100,1,0
BRDA:399,101,0,4
BRDA:399,101,1,0
BRDA:400,102,0,4
BRDA:400,102,1,0
BRDA:401,103,0,4
BRDA:401,103,1,0
BRDA:404,104,0,0
BRDA:404,104,1,0
BRDA:404,104,2,0
BRDA:405,105,0,0
BRDA:405,105,1,0
BRDA:405,105,2,0
BRDA:412,106,0,43
BRDA:412,106,1,13
BRDA:420,107,0,0
BRDA:420,107,1,12
BRDA:426,108,0,12
BRDA:426,108,1,0
BRDA:553,109,0,0
BRDA:553,109,1,20
BRDA:555,110,0,20
BRDA:555,110,1,0
BRDA:558,111,0,0
BRDA:558,111,1,0
BRDA:569,112,0,0
BRDA:569,112,1,20
BRDA:572,113,0,0
BRDA:572,113,1,20
BRDA:583,114,0,0
BRDA:583,114,1,20
BRDA:589,115,0,8
BRDA:589,115,1,0
BRDA:602,116,0,0
BRDA:602,116,1,0
BRDA:612,117,0,0
BRDA:612,117,1,0
BRDA:622,118,0,0
BRDA:622,118,1,14
BRDA:635,119,0,4
BRDA:635,119,1,20
BRDA:639,120,0,0
BRDA:639,120,1,24
BRDA:640,121,0,0
BRDA:640,121,1,0
BRDA:653,122,0,0
BRDA:653,122,1,0
BRDA:654,123,0,0
BRDA:654,123,1,0
BRDA:693,124,0,4
BRDA:693,124,1,0
BRDA:714,125,0,4
BRDA:714,125,1,0
BRDA:737,126,0,0
BRDA:737,126,1,0
BRDA:747,127,0,0
BRDA:747,127,1,0
BRDA:780,128,0,0
BRDA:780,128,1,2
BRDA:789,129,0,0
BRDA:789,129,1,4
BRDA:818,130,0,4
BRDA:818,130,1,0
BRDA:818,131,0,4
BRDA:818,131,1,4
BRDA:835,132,0,0
BRDA:835,132,1,56
BRDA:835,133,0,56
BRDA:835,133,1,0
BRDA:839,134,0,20
BRDA:839,134,1,36
BRDA:841,135,0,8
BRDA:841,135,1,28
BRDA:851,136,0,0
BRDA:851,136,1,20
BRDA:858,137,0,0
BRDA:858,137,1,0
BRDA:861,138,0,0
BRDA:861,138,1,0
BRDA:864,139,0,0
BRDA:864,139,1,0
BRDA:876,140,0,0
BRDA:876,140,1,0
BRDA:879,141,0,0
BRDA:879,141,1,0
BRDA:888,142,0,8
BRDA:888,142,1,12
BRDA:907,143,0,0
BRDA:907,143,1,8
BRDA:915,144,0,0
BRDA:915,144,1,4
BRDA:919,145,0,0
BRDA:919,145,1,0
BRDA:935,146,0,0
BRDA:935,146,1,0
BRDA:939,147,0,0
BRDA:939,147,1,0
BRDA:939,148,0,0
BRDA:939,148,1,0
BRDA:959,149,0,0
BRDA:959,149,1,29
BRDA:959,150,0,29
BRDA:959,150,1,29
BRDA:959,150,2,29
BRDA:961,151,0,3
BRDA:961,151,1,26
BRDA:963,152,0,0
BRDA:963,152,1,26
BRDA:964,153,0,26
BRDA:964,153,1,0
BRDA:964,153,2,0
BRDA:964,153,3,0
BRDA:964,153,4,0
BRDA:964,153,5,0
BRDA:972,154,0,12
BRDA:972,154,1,14
BRDA:989,155,0,0
BRDA:989,155,1,4
BRDA:1011,156,0,0
BRDA:1011,156,1,12
BRDA:1011,157,0,12
BRDA:1011,157,1,0
BRDA:1011,157,2,12
BRDA:1015,158,0,0
BRDA:1015,158,1,12
BRDA:1014,159,0,12
BRDA:1014,159,1,12
BRDA:1029,160,0,12
BRDA:1029,160,1,2
BRDA:1029,161,0,14
BRDA:1029,161,1,3
BRDA:1035,162,0,11
BRDA:1035,162,1,3
BRDA:1038,163,0,11
BRDA:1038,163,1,0
BRDA:1040,164,0,0
BRDA:1040,164,1,0
BRDA:1040,165,0,0
BRDA:1040,165,1,0
BRDA:1043,166,0,2
BRDA:1043,166,1,1
BRDA:1045,167,0,0
BRDA:1045,167,1,1
BRDA:1050,168,0,0
BRDA:1050,168,1,14
BRDA:1055,169,0,14
BRDA:1055,169,1,2
BRDA:1059,170,0,12
BRDA:1059,170,1,2
BRDA:1059,171,0,14
BRDA:1059,171,1,2
BRDA:1069,172,0,12
BRDA:1069,172,1,2
BRDA:1070,173,0,0
BRDA:1070,173,1,12
BRDA:1070,174,0,12
BRDA:1070,174,1,0
BRDA:1078,175,0,0
BRDA:1078,175,1,2
BRDA:1084,176,0,0
BRDA:1084,176,1,14
BRDA:1094,177,0,0
BRDA:1094,177,1,14
BRDA:1104,178,0,0
BRDA:1104,178,1,0
BRDA:1115,179,0,12
BRDA:1115,179,1,2
BRDA:1169,180,0,0
BRDA:1169,180,1,0
BRDA:1176,181,0,0
BRDA:1176,181,1,0
BRDA:1177,182,0,0
BRDA:1177,182,1,0
BRDA:1180,183,0,0
BRDA:1180,183,1,0
BRDA:1186,184,0,0
BRDA:1186,184,1,0
BRDA:1201,185,0,4
BRDA:1201,185,1,4
BRDA:1237,186,0,0
BRDA:1237,186,1,22
BRDA:1243,187,0,0
BRDA:1243,187,1,22
BRDA:1244,188,0,0
BRDA:1244,188,1,0
BRDA:1244,188,2,0
BRDA:1244,188,3,0
BRDA:1299,189,0,8
BRDA:1299,189,1,0
BRDA:1301,190,0,0
BRDA:1301,190,1,0
BRDA:1304,191,0,0
BRDA:1304,191,1,0
BRDA:1306,192,0,0
BRDA:1306,192,1,0
BRDA:1311,193,0,0
BRDA:1311,193,1,0
BRDA:1324,194,0,0
BRDA:1324,194,1,24
BRDA:1363,195,0,0
BRDA:1363,195,1,24
BRDA:1374,196,0,0
BRDA:1374,196,1,0
BRDA:1398,197,0,46
BRDA:1398,197,1,2
BRDA:1404,198,0,20
BRDA:1404,198,1,2
BRDA:1409,199,0,26
BRDA:1409,199,1,20
BRDA:1413,200,0,0
BRDA:1413,200,1,22
BRDA:1422,201,0,89
BRDA:1422,201,1,26
BRDA:1425,202,0,14
BRDA:1425,202,1,75
BRDA:1428,203,0,1
BRDA:1428,203,1,74
BRDA:1442,204,0,14
BRDA:1442,204,1,12
BRDA:1452,205,0,0
BRDA:1452,205,1,26
BRDA:1461,206,0,113
BRDA:1461,206,1,2
BRDA:1466,207,0,2
BRDA:1466,207,1,0
BRDA:1481,208,0,0
BRDA:1481,208,1,115
BRDA:1481,209,0,115
BRDA:1481,209,1,2
BRDA:1524,210,0,40
BRDA:1524,210,1,40
BRDA:1526,211,0,20
BRDA:1526,211,1,20
BRDA:1544,212,0,0
BRDA:1544,212,1,0
BRDA:1566,213,0,0
BRDA:1566,213,1,0
BRDA:1590,214,0,0
BRDA:1590,214,1,0
BRDA:1630,215,0,0
BRDA:1630,215,1,0
BRDA:1644,216,0,0
BRDA:1644,216,1,0
BRDA:1658,217,0,0
BRDA:1658,217,1,0
BRDA:1662,218,0,0
BRDA:1662,218,1,0
BRDA:1669,219,0,0
BRDA:1669,219,1,0
BRDA:1679,220,0,0
BRDA:1679,220,1,0
BRDA:1680,221,0,0
BRDA:1680,221,1,0
BRDA:1683,222,0,0
BRDA:1683,222,1,0
BRDA:1761,223,0,112
BRDA:1761,223,1,112
BRDA:1762,224,0,12
BRDA:1762,224,1,100
BRDA:1762,225,0,112
BRDA:1762,225,1,108
BRDA:1762,225,2,104
BRDA:1783,226,0,0
BRDA:1783,226,1,8
BRDA:1783,227,0,8
BRDA:1783,227,1,8
BRDA:1783,227,2,8
BRDA:1803,228,0,64
BRDA:1803,228,1,0
BRDA:1810,229,0,52
BRDA:1810,229,1,20
BRDA:1830,230,0,12
BRDA:1830,230,1,20
BRDA:1839,231,0,0
BRDA:1839,231,1,40
BRDA:1844,232,0,0
BRDA:1844,232,1,40
BRDA:1847,233,0,0
BRDA:1847,233,1,40
BRDA:1859,234,0,0
BRDA:1859,234,1,20
BRDA:1877,235,0,20
BRDA:1877,235,1,16
BRDA:1884,236,0,0
BRDA:1884,236,1,4
BRDA:1944,237,0,19
BRDA:1944,237,1,19
BRDA:1944,237,2,19
BRDA:1944,237,3,0
BRDA:1950,238,0,0
BRDA:1950,238,1,0
BRDA:1956,239,0,0
BRDA:1956,239,1,0
BRDA:1966,240,0,0
BRDA:1966,240,1,0
BRDA:1966,240,2,0
BRDA:1966,240,3,0
BRDA:1979,241,0,0
BRDA:1979,241,1,0
BRDA:1987,242,0,0
BRDA:1987,242,1,0
BRDA:1994,243,0,0
BRDA:1994,243,1,19
BRDA:2000,244,0,19
BRDA:2000,244,1,0
BRDA:2010,245,0,0
BRDA:2010,245,1,0
BRDA:2010,245,2,0
BRDA:2020,246,0,0
BRDA:2020,246,1,0
BRDA:2028,247,0,0
BRDA:2028,247,1,0
BRDA:2035,248,0,0
BRDA:2035,248,1,0
BRDA:2041,249,0,0
BRDA:2041,249,1,0
BRDA:2051,250,0,0
BRDA:2051,250,1,0
BRDA:2051,250,2,0
BRDA:2061,251,0,0
BRDA:2061,251,1,0
BRDA:2069,252,0,0
BRDA:2069,252,1,0
BRDA:2074,253,0,0
BRDA:2074,253,1,0
BRDA:2074,254,0,0
BRDA:2074,254,1,0
BRDA:2075,255,0,0
BRDA:2075,255,1,0
BRDA:2082,256,0,0
BRDA:2082,256,1,0
BRDA:2086,257,0,0
BRDA:2086,257,1,0
BRDA:2101,258,0,0
BRDA:2101,258,1,44
BRDA:2101,259,0,44
BRDA:2101,259,1,44
BRDA:2102,260,0,0
BRDA:2102,260,1,44
BRDA:2102,261,0,44
BRDA:2102,261,1,33
BRDA:2102,261,2,32
BRDA:2102,261,3,30
BRDA:2102,261,4,30
BRDA:2102,261,5,30
BRDA:2102,261,6,0
BRDA:2110,262,0,44
BRDA:2110,262,1,14
BRDA:2114,263,0,14
BRDA:2114,263,1,14
BRDA:2114,263,2,14
BRDA:2114,263,3,14
BRDA:2129,264,0,0
BRDA:2129,264,1,0
BRDA:2131,265,0,0
BRDA:2131,265,1,0
BRDA:2131,266,0,0
BRDA:2131,266,1,0
BRDA:2141,267,0,0
BRDA:2141,267,1,0
BRDA:2144,268,0,0
BRDA:2144,268,1,0
BRDA:2159,269,0,0
BRDA:2159,269,1,0
BRDA:2176,270,0,0
BRDA:2176,270,1,0
BRDA:2180,271,0,4
BRDA:2180,271,1,0
BRDA:2206,272,0,4
BRDA:2206,272,1,0
BRDA:17,273,0,1
BRDA:17,273,1,0
BRDA:18,274,0,1
BRDA:18,274,1,0
BRDA:22,275,0,0
BRDA:22,275,1,0
BRDA:28,276,0,1
BRDA:28,276,1,0
BRDA:30,277,0,1
BRDA:30,277,1,0
BRDA:31,278,0,1
BRDA:31,278,1,0
BRDA:2284,279,0,4
BRDA:2284,279,1,0
BRDA:2291,280,0,4
BRDA:2291,280,1,0
BRDA:2295,281,0,4
BRDA:2295,281,1,4
BRDA:2295,281,2,0
BRDA:2296,282,0,4
BRDA:2296,282,1,0
BRDA:2298,283,0,0
BRDA:2298,283,1,4
BRDA:2302,284,0,0
BRDA:2302,284,1,4
BRDA:2302,285,0,4
BRDA:2302,285,1,0
BRF:606
BRH:269
end_of_record
TN:
SF:C:\Users\Sadlize\dev\bem-bootstrap\components.tmpl-specs\breadcrumb\breadcrumb.bemhtml.js
FN:2,(anonymous_1)
FN:3,buildBemXjst
FN:6,(anonymous_3)
FN:7,(anonymous_4)
FN:7,(anonymous_5)
FN:7,e
FN:7,s
FN:7,(anonymous_8)
FN:7,(anonymous_9)
FN:19,Entity
FN:36,(anonymous_11)
FN:56,(anonymous_12)
FN:73,(anonymous_13)
FN:79,BEMHTML
FN:97,(anonymous_15)
FN:125,(anonymous_16)
FN:201,(anonymous_17)
FN:229,(anonymous_18)
FN:257,(anonymous_19)
FN:367,(anonymous_20)
FN:394,(anonymous_21)
FN:395,ClassBuilder
FN:411,(anonymous_23)
FN:418,(anonymous_24)
FN:424,(anonymous_25)
FN:430,(anonymous_26)
FN:437,(anonymous_27)
FN:441,(anonymous_28)
FN:444,Context
FN:477,(anonymous_30)
FN:486,(anonymous_31)
FN:490,(anonymous_32)
FN:494,(anonymous_33)
FN:498,(anonymous_34)
FN:502,(anonymous_35)
FN:510,Entity
FN:539,(anonymous_37)
FN:552,(anonymous_38)
FN:562,(anonymous_39)
FN:597,(anonymous_40)
FN:621,(anonymous_41)
FN:629,contentMode
FN:633,(anonymous_43)
FN:642,defaultBodyProxy
FN:648,(anonymous_45)
FN:649,BEMXJSTError
FN:664,(anonymous_47)
FN:674,BEMXJST
FN:687,ContextChild
FN:713,(anonymous_50)
FN:724,(anonymous_51)
FN:727,applyCtx
FN:731,_applyCtx
FN:735,applyCtxWrap
FN:740,(anonymous_55)
FN:745,_applyCtxWrap
FN:750,(anonymous_57)
FN:755,apply
FN:759,localWrap
FN:760,localBody
FN:779,applyNextWrap
FN:809,(anonymous_62)
FN:815,(anonymous_63)
FN:824,(anonymous_64)
FN:895,(anonymous_65)
FN:958,(anonymous_66)
FN:978,(anonymous_67)
FN:999,(anonymous_68)
FN:1004,(anonymous_69)
FN:1009,(anonymous_70)
FN:1019,(anonymous_71)
FN:1100,(anonymous_72)
FN:1108,(anonymous_73)
FN:1129,(anonymous_74)
FN:1161,(anonymous_75)
FN:1165,(anonymous_76)
FN:1193,(anonymous_77)
FN:1199,(anonymous_78)
FN:1203,(anonymous_79)
FN:1208,(anonymous_80)
FN:1218,(anonymous_81)
FN:1226,MatchNested
FN:1232,(anonymous_83)
FN:1249,MatchCustom
FN:1254,(anonymous_85)
FN:1258,MatchWrap
FN:1263,(anonymous_87)
FN:1269,MatchExtend
FN:1274,(anonymous_89)
FN:1280,AddWrap
FN:1286,(anonymous_91)
FN:1290,MatchTemplate
FN:1329,Match
FN:1349,(anonymous_94)
FN:1359,(anonymous_95)
FN:1369,(anonymous_96)
FN:1390,(anonymous_97)
FN:1460,(anonymous_98)
FN:1480,(anonymous_99)
FN:1486,(anonymous_100)
FN:1490,Template
FN:1497,(anonymous_102)
FN:1506,(anonymous_103)
FN:1510,MatchBase
FN:1514,(anonymous_105)
FN:1518,Item
FN:1533,WrapMatch
FN:1541,(anonymous_108)
FN:1545,(anonymous_109)
FN:1550,(anonymous_110)
FN:1555,ReplaceMatch
FN:1563,(anonymous_112)
FN:1567,(anonymous_113)
FN:1572,(anonymous_114)
FN:1578,ExtendMatch
FN:1586,(anonymous_116)
FN:1591,(anonymous_117)
FN:1602,(anonymous_118)
FN:1614,AddMatch
FN:1623,(anonymous_120)
FN:1627,(anonymous_121)
FN:1631,(anonymous_122)
FN:1636,(anonymous_123)
FN:1641,(anonymous_124)
FN:1645,(anonymous_125)
FN:1650,(anonymous_126)
FN:1655,(anonymous_127)
FN:1659,(anonymous_128)
FN:1667,(anonymous_129)
FN:1674,(anonymous_130)
FN:1675,(anonymous_131)
FN:1679,(anonymous_132)
FN:1682,(anonymous_133)
FN:1689,CompilerOptions
FN:1696,PropertyMatch
FN:1705,CustomMatch
FN:1713,Tree
FN:1745,(anonymous_138)
FN:1757,methodFactory
FN:1763,(anonymous_140)
FN:1768,(anonymous_141)
FN:1774,(anonymous_142)
FN:1789,(anonymous_143)
FN:1801,(anonymous_144)
FN:1822,(anonymous_145)
FN:1836,(anonymous_146)
FN:1858,(anonymous_147)
FN:1867,(anonymous_148)
FN:1874,(anonymous_149)
FN:1875,(anonymous_150)
FN:1881,(anonymous_151)
FN:1882,(anonymous_152)
FN:1888,(anonymous_153)
FN:1894,(anonymous_154)
FN:1895,(anonymous_155)
FN:1900,(anonymous_156)
FN:1901,(anonymous_157)
FN:1907,capitalize
FN:1911,(anonymous_159)
FN:1912,(anonymous_160)
FN:1918,(anonymous_161)
FN:1922,(anonymous_162)
FN:1926,(anonymous_163)
FN:1930,(anonymous_164)
FN:1934,(anonymous_165)
FN:1943,isEmpty
FN:1949,(anonymous_167)
FN:1993,(anonymous_168)
FN:2034,(anonymous_169)
FN:2073,(anonymous_170)
FN:2096,(anonymous_171)
FN:2100,isSimple
FN:2113,(anonymous_173)
FN:2123,getUniq
FN:2128,(anonymous_175)
FN:2139,(anonymous_176)
FN:2175,(anonymous_177)
FN:2179,(anonymous_178)
FN:2182,inherits
FN:2195,inherits
FN:2197,(anonymous_181)
FN:2209,(anonymous_182)
FN:2222,(anonymous_183)
FN:2224,(anonymous_184)
FN:2238,(anonymous_185)
FNF:185
FNH:87
FNDA:1,(anonymous_1)
FNDA:1,buildBemXjst
FNDA:1,(anonymous_3)
FNDA:1,(anonymous_4)
FNDA:1,(anonymous_5)
FNDA:1,e
FNDA:23,s
FNDA:21,(anonymous_8)
FNDA:1,(anonymous_9)
FNDA:3,Entity
FNDA:3,(anonymous_11)
FNDA:1,(anonymous_12)
FNDA:1,(anonymous_13)
FNDA:1,BEMHTML
FNDA:0,(anonymous_15)
FNDA:1,(anonymous_16)
FNDA:1,(anonymous_17)
FNDA:1,(anonymous_18)
FNDA:0,(anonymous_19)
FNDA:1,(anonymous_20)
FNDA:1,(anonymous_21)
FNDA:1,ClassBuilder
FNDA:6,(anonymous_23)
FNDA:0,(anonymous_24)
FNDA:0,(anonymous_25)
FNDA:0,(anonymous_26)
FNDA:1,(anonymous_27)
FNDA:1,(anonymous_28)
FNDA:1,Context
FNDA:0,(anonymous_30)
FNDA:0,(anonymous_31)
FNDA:0,(anonymous_32)
FNDA:0,(anonymous_33)
FNDA:0,(anonymous_34)
FNDA:1,(anonymous_35)
FNDA:3,Entity
FNDA:0,(anonymous_37)
FNDA:2,(anonymous_38)
FNDA:3,(anonymous_39)
FNDA:0,(anonymous_40)
FNDA:1,(anonymous_41)
FNDA:0,contentMode
FNDA:3,(anonymous_43)
FNDA:0,defaultBodyProxy
FNDA:0,(anonymous_45)
FNDA:0,BEMXJSTError
FNDA:1,(anonymous_47)
FNDA:1,BEMXJST
FNDA:1,ContextChild
FNDA:1,(anonymous_50)
FNDA:1,(anonymous_51)
FNDA:0,applyCtx
FNDA:0,_applyCtx
FNDA:0,applyCtxWrap
FNDA:0,(anonymous_55)
FNDA:0,_applyCtxWrap
FNDA:0,(anonymous_57)
FNDA:0,apply
FNDA:0,localWrap
FNDA:0,localBody
FNDA:0,applyNextWrap
FNDA:0,(anonymous_62)
FNDA:1,(anonymous_63)
FNDA:1,(anonymous_64)
FNDA:1,(anonymous_65)
FNDA:1,(anonymous_66)
FNDA:1,(anonymous_67)
FNDA:0,(anonymous_68)
FNDA:0,(anonymous_69)
FNDA:0,(anonymous_70)
FNDA:1,(anonymous_71)
FNDA:0,(anonymous_72)
FNDA:0,(anonymous_73)
FNDA:0,(anonymous_74)
FNDA:0,(anonymous_75)
FNDA:0,(anonymous_76)
FNDA:0,(anonymous_77)
FNDA:1,(anonymous_78)
FNDA:1,(anonymous_79)
FNDA:0,(anonymous_80)
FNDA:1,(anonymous_81)
FNDA:0,MatchNested
FNDA:0,(anonymous_83)
FNDA:0,MatchCustom
FNDA:0,(anonymous_85)
FNDA:0,MatchWrap
FNDA:0,(anonymous_87)
FNDA:0,MatchExtend
FNDA:0,(anonymous_89)
FNDA:0,AddWrap
FNDA:0,(anonymous_91)
FNDA:2,MatchTemplate
FNDA:30,Match
FNDA:0,(anonymous_94)
FNDA:2,(anonymous_95)
FNDA:0,(anonymous_96)
FNDA:8,(anonymous_97)
FNDA:8,(anonymous_98)
FNDA:8,(anonymous_99)
FNDA:1,(anonymous_100)
FNDA:4,Template
FNDA:2,(anonymous_102)
FNDA:2,(anonymous_103)
FNDA:3,MatchBase
FNDA:4,(anonymous_105)
FNDA:6,Item
FNDA:0,WrapMatch
FNDA:0,(anonymous_108)
FNDA:0,(anonymous_109)
FNDA:0,(anonymous_110)
FNDA:0,ReplaceMatch
FNDA:0,(anonymous_112)
FNDA:0,(anonymous_113)
FNDA:0,(anonymous_114)
FNDA:0,ExtendMatch
FNDA:0,(anonymous_116)
FNDA:0,(anonymous_117)
FNDA:0,(anonymous_118)
FNDA:0,AddMatch
FNDA:0,(anonymous_120)
FNDA:0,(anonymous_121)
FNDA:0,(anonymous_122)
FNDA:0,(anonymous_123)
FNDA:0,(anonymous_124)
FNDA:0,(anonymous_125)
FNDA:0,(anonymous_126)
FNDA:0,(anonymous_127)
FNDA:0,(anonymous_128)
FNDA:0,(anonymous_129)
FNDA:4,(anonymous_130)
FNDA:0,(anonymous_131)
FNDA:0,(anonymous_132)
FNDA:0,(anonymous_133)
FNDA:0,CompilerOptions
FNDA:3,PropertyMatch
FNDA:0,CustomMatch
FNDA:1,Tree
FNDA:1,(anonymous_138)
FNDA:56,methodFactory
FNDA:0,(anonymous_140)
FNDA:4,(anonymous_141)
FNDA:0,(anonymous_142)
FNDA:2,(anonymous_143)
FNDA:6,(anonymous_144)
FNDA:3,(anonymous_145)
FNDA:3,(anonymous_146)
FNDA:2,(anonymous_147)
FNDA:0,(anonymous_148)
FNDA:3,(anonymous_149)
FNDA:3,(anonymous_150)
FNDA:2,(anonymous_151)
FNDA:0,(anonymous_152)
FNDA:0,(anonymous_153)
FNDA:9,(anonymous_154)
FNDA:2,(anonymous_155)
FNDA:2,(anonymous_156)
FNDA:0,(anonymous_157)
FNDA:5,capitalize
FNDA:5,(anonymous_159)
FNDA:0,(anonymous_160)
FNDA:0,(anonymous_161)
FNDA:0,(anonymous_162)
FNDA:0,(anonymous_163)
FNDA:1,(anonymous_164)
FNDA:1,(anonymous_165)
FNDA:2,isEmpty
FNDA:0,(anonymous_167)
FNDA:2,(anonymous_168)
FNDA:0,(anonymous_169)
FNDA:0,(anonymous_170)
FNDA:1,(anonymous_171)
FNDA:3,isSimple
FNDA:1,(anonymous_173)
FNDA:0,getUniq
FNDA:0,(anonymous_175)
FNDA:0,(anonymous_176)
FNDA:0,(anonymous_177)
FNDA:1,(anonymous_178)
FNDA:10,inherits
FNDA:0,inherits
FNDA:0,(anonymous_181)
FNDA:1,(anonymous_182)
FNDA:1,(anonymous_183)
FNDA:0,(anonymous_184)
FNDA:0,(anonymous_185)
DA:1,1
DA:2,1
DA:3,1
DA:4,1
DA:6,1
DA:7,23
DA:8,1
DA:9,1
DA:10,1
DA:19,1
DA:20,3
DA:22,3
DA:25,3
DA:26,3
DA:27,3
DA:28,3
DA:30,3
DA:33,1
DA:34,1
DA:36,1
DA:37,3
DA:38,3
DA:41,3
DA:44,1
DA:56,1
DA:57,1
DA:58,1
DA:60,1
DA:74,1
DA:75,1
DA:76,1
DA:77,1
DA:79,1
DA:80,1
DA:82,1
DA:85,1
DA:86,1
DA:87,1
DA:92,1
DA:93,1
DA:95,1
DA:97,1
DA:98,0
DA:99,0
DA:100,0
DA:101,0
DA:103,0
DA:104,0
DA:106,0
DA:107,0
DA:109,0
DA:111,0
DA:112,0
DA:113,0
DA:115,0
DA:116,0
DA:119,0
DA:120,0
DA:122,0
DA:125,1
DA:127,1
DA:129,1
DA:130,0
DA:131,1
DA:132,0
DA:134,1
DA:136,1
DA:137,0
DA:139,1
DA:140,1
DA:141,0
DA:142,0
DA:145,1
DA:146,1
DA:148,1
DA:154,1
DA:155,0
DA:157,1
DA:158,1
DA:159,1
DA:160,1
DA:161,1
DA:164,1
DA:165,0
DA:166,0
DA:167,0
DA:168,0
DA:171,1
DA:172,0
DA:175,0
DA:179,1
DA:180,0
DA:182,1
DA:186,1
DA:187,0
DA:189,1
DA:192,1
DA:201,1
DA:203,1
DA:205,1
DA:207,1
DA:208,0
DA:209,0
DA:210,0
DA:212,1
DA:213,1
DA:214,0
DA:217,1
DA:218,0
DA:220,1
DA:221,1
DA:224,1
DA:225,0
DA:226,1
DA:229,1
DA:230,1
DA:233,1
DA:236,1
DA:237,2
DA:238,2
DA:239,0
DA:241,2
DA:242,0
DA:244,2
DA:245,2
DA:247,2
DA:254,1
DA:257,1
DA:258,0
DA:259,0
DA:260,0
DA:261,0
DA:263,0
DA:266,0
DA:267,0
DA:269,0
DA:271,0
DA:272,0
DA:273,0
DA:274,0
DA:275,0
DA:276,0
DA:277,0
DA:279,0
DA:281,0
DA:282,0
DA:284,0
DA:285,0
DA:289,0
DA:290,0
DA:291,0
DA:293,0
DA:296,0
DA:297,0
DA:299,0
DA:303,0
DA:304,0
DA:305,0
DA:307,0
DA:309,0
DA:310,0
DA:316,0
DA:317,0
DA:318,0
DA:319,0
DA:320,0
DA:324,0
DA:325,0
DA:327,0
DA:328,0
DA:329,0
DA:330,0
DA:332,0
DA:333,0
DA:334,0
DA:335,0
DA:336,0
DA:338,0
DA:339,0
DA:341,0
DA:342,0
DA:343,0
DA:345,0
DA:348,0
DA:350,0
DA:351,0
DA:352,0
DA:360,0
DA:367,1
DA:368,1
DA:369,0
DA:371,1
DA:373,1
DA:376,1
DA:377,0
DA:378,0
DA:380,0
DA:381,0
DA:382,0
DA:383,0
DA:385,0
DA:386,0
DA:391,1
DA:395,1
DA:396,1
DA:398,1
DA:409,1
DA:411,1
DA:412,6
DA:413,6
DA:415,0
DA:418,1
DA:419,0
DA:420,0
DA:421,0
DA:424,1
DA:425,0
DA:426,0
DA:427,0
DA:430,1
DA:431,0
DA:437,1
DA:438,1
DA:442,1
DA:444,1
DA:445,1
DA:447,1
DA:448,1
DA:451,1
DA:453,1
DA:454,1
DA:455,1
DA:457,1
DA:458,1
DA:459,1
DA:461,1
DA:463,1
DA:465,1
DA:467,1
DA:469,1
DA:470,1
DA:471,1
DA:473,1
DA:474,1
DA:475,1
DA:477,1
DA:478,0
DA:486,1
DA:487,0
DA:490,1
DA:491,0
DA:494,1
DA:495,0
DA:498,1
DA:499,0
DA:503,1
DA:504,1
DA:505,1
DA:506,1
DA:507,1
DA:508,1
DA:510,1
DA:511,3
DA:513,3
DA:514,3
DA:517,3
DA:520,3
DA:523,3
DA:524,3
DA:525,3
DA:526,3
DA:527,3
DA:528,3
DA:531,3
DA:534,3
DA:535,3
DA:537,1
DA:539,1
DA:540,0
DA:541,0
DA:544,1
DA:552,1
DA:553,2
DA:554,0
DA:555,2
DA:556,2
DA:558,0
DA:562,1
DA:564,3
DA:565,2
DA:567,2
DA:568,2
DA:569,2
DA:570,0
DA:572,2
DA:573,0
DA:575,2
DA:576,2
DA:579,2
DA:580,2
DA:583,2
DA:584,0
DA:587,2
DA:588,0
DA:589,0
DA:590,0
DA:592,0
DA:597,1
DA:599,0
DA:600,0
DA:601,0
DA:602,0
DA:603,0
DA:605,0
DA:609,0
DA:610,0
DA:611,0
DA:612,0
DA:613,0
DA:615,0
DA:616,0
DA:621,1
DA:622,1
DA:623,0
DA:625,1
DA:629,1
DA:630,0
DA:633,1
DA:635,3
DA:636,0
DA:639,3
DA:640,0
DA:641,0
DA:642,0
DA:643,0
DA:649,1
DA:650,0
DA:651,0
DA:653,0
DA:654,0
DA:656,0
DA:659,0
DA:660,0
DA:662,0
DA:665,1
DA:667,1
DA:668,1
DA:669,1
DA:670,1
DA:671,1
DA:672,1
DA:674,1
DA:675,1
DA:677,1
DA:678,1
DA:681,1
DA:684,1
DA:687,1
DA:688,1
DA:690,1
DA:691,1
DA:693,1
DA:696,1
DA:699,1
DA:702,1
DA:705,1
DA:706,1
DA:708,1
DA:710,1
DA:713,1
DA:714,1
DA:716,1
DA:717,1
DA:719,1
DA:720,1
DA:724,1
DA:725,1
DA:727,1
DA:728,0
DA:731,1
DA:732,0
DA:735,1
DA:737,0
DA:738,0
DA:740,0
DA:741,0
DA:745,1
DA:747,0
DA:748,0
DA:750,0
DA:751,0
DA:755,1
DA:756,0
DA:759,1
DA:760,0
DA:761,0
DA:765,1
DA:774,1
DA:776,1
DA:780,0
DA:781,0
DA:782,0
DA:789,1
DA:790,0
DA:792,0
DA:797,1
DA:800,1
DA:803,1
DA:805,1
DA:806,1
DA:809,1
DA:810,0
DA:812,0
DA:815,1
DA:816,1
DA:818,1
DA:819,1
DA:821,0
DA:824,1
DA:825,1
DA:826,1
DA:828,2
DA:829,2
DA:830,2
DA:832,2
DA:833,2
DA:834,4
DA:835,4
DA:837,0
DA:839,4
DA:840,2
DA:841,2
DA:842,0
DA:844,2
DA:847,2
DA:848,2
DA:851,2
DA:852,0
DA:855,0
DA:856,0
DA:858,0
DA:859,0
DA:861,0
DA:862,0
DA:864,0
DA:865,0
DA:869,0
DA:874,0
DA:879,0
DA:880,0
DA:883,0
DA:886,2
DA:888,2
DA:889,1
DA:890,2
DA:892,1
DA:895,1
DA:896,1
DA:898,1
DA:899,1
DA:900,1
DA:903,1
DA:904,1
DA:905,1
DA:907,1
DA:908,0
DA:910,1
DA:915,1
DA:916,0
DA:917,0
DA:918,0
DA:919,0
DA:920,0
DA:922,0
DA:924,0
DA:925,0
DA:929,1
DA:930,0
DA:931,0
DA:932,0
DA:933,0
DA:934,0
DA:935,0
DA:936,0
DA:938,0
DA:939,0
DA:940,0
DA:942,0
DA:944,0
DA:948,1
DA:949,1
DA:950,1
DA:951,1
DA:952,1
DA:955,1
DA:958,1
DA:959,1
DA:960,0
DA:961,1
DA:962,0
DA:963,1
DA:971,0
DA:972,1
DA:973,0
DA:975,1
DA:978,1
DA:979,1
DA:980,1
DA:981,1
DA:983,1
DA:984,1
DA:985,1
DA:986,1
DA:987,1
DA:989,1
DA:990,0
DA:992,1
DA:993,1
DA:994,1
DA:996,1
DA:999,1
DA:1000,0
DA:1001,0
DA:1004,1
DA:1005,0
DA:1006,0
DA:1009,1
DA:1010,0
DA:1011,0
DA:1012,0
DA:1014,0
DA:1019,1
DA:1020,1
DA:1022,1
DA:1023,1
DA:1024,1
DA:1025,1
DA:1026,1
DA:1027,1
DA:1029,1
DA:1030,1
DA:1032,0
DA:1034,1
DA:1035,1
DA:1036,1
DA:1038,1
DA:1039,0
DA:1040,1
DA:1041,1
DA:1043,0
DA:1044,0
DA:1045,0
DA:1046,0
DA:1049,1
DA:1050,1
DA:1051,0
DA:1053,1
DA:1055,1
DA:1056,1
DA:1059,1
DA:1060,1
DA:1062,0
DA:1065,1
DA:1067,1
DA:1068,1
DA:1069,1
DA:1070,1
DA:1072,0
DA:1073,0
DA:1077,0
DA:1078,0
DA:1079,0
DA:1080,0
DA:1083,1
DA:1087,1
DA:1088,1
DA:1089,1
DA:1090,1
DA:1091,1
DA:1092,1
DA:1093,1
DA:1094,1
DA:1095,0
DA:1097,1
DA:1100,1
DA:1101,0
DA:1102,0
DA:1104,0
DA:1108,1
DA:1109,0
DA:1110,0
DA:1111,0
DA:1112,0
DA:1114,0
DA:1115,0
DA:1116,0
DA:1117,0
DA:1120,0
DA:1122,0
DA:1123,0
DA:1124,0
DA:1126,0
DA:1129,1
DA:1130,0
DA:1131,0
DA:1132,0
DA:1133,0
DA:1134,0
DA:1136,0
DA:1137,0
DA:1138,0
DA:1140,0
DA:1144,0
DA:1147,0
DA:1149,0
DA:1150,0
DA:1151,0
DA:1152,0
DA:1153,0
DA:1155,0
DA:1158,0
DA:1161,1
DA:1162,0
DA:1165,1
DA:1166,0
DA:1167,0
DA:1169,0
DA:1170,0
DA:1171,0
DA:1173,0
DA:1176,0
DA:1177,0
DA:1178,0
DA:1180,0
DA:1181,0
DA:1183,0
DA:1186,0
DA:1187,0
DA:1189,0
DA:1193,0
DA:1194,0
DA:1196,0
DA:1199,1
DA:1200,1
DA:1201,1
DA:1203,1
DA:1204,1
DA:1208,1
DA:1209,0
DA:1210,0
DA:1213,1
DA:1215,1
DA:1219,1
DA:1220,1
DA:1221,1
DA:1222,1
DA:1223,1
DA:1224,1
DA:1226,1
DA:1227,0
DA:1228,0
DA:1229,0
DA:1232,1
DA:1233,0
DA:1235,0
DA:1236,0
DA:1237,0
DA:1238,0
DA:1241,0
DA:1243,0
DA:1244,0
DA:1246,0
DA:1249,1
DA:1250,0
DA:1251,0
DA:1254,1
DA:1255,0
DA:1258,1
DA:1259,0
DA:1260,0
DA:1263,1
DA:1264,0
DA:1265,0
DA:1266,0
DA:1269,1
DA:1270,0
DA:1271,0
DA:1274,1
DA:1275,0
DA:1276,0
DA:1277,0
DA:1280,1
DA:1281,0
DA:1282,0
DA:1283,0
DA:1286,1
DA:1287,0
DA:1290,1
DA:1291,2
DA:1292,2
DA:1293,2
DA:1295,2
DA:1297,2
DA:1298,0
DA:1299,0
DA:1300,0
DA:1301,0
DA:1302,0
DA:1303,0
DA:1304,0
DA:1305,0
DA:1306,0
DA:1307,0
DA:1311,0
DA:1312,0
DA:1313,0
DA:1316,0
DA:1321,2
DA:1322,0
DA:1324,2
DA:1325,0
DA:1327,1
DA:1329,1
DA:1330,30
DA:1331,30
DA:1332,30
DA:1333,30
DA:1336,30
DA:1339,30
DA:1340,30
DA:1342,30
DA:1343,30
DA:1345,30
DA:1347,1
DA:1349,1
DA:1350,0
DA:1351,0
DA:1353,0
DA:1354,0
DA:1356,0
DA:1359,1
DA:1360,2
DA:1361,2
DA:1363,2
DA:1364,0
DA:1366,2
DA:1369,1
DA:1370,0
DA:1371,0
DA:1373,0
DA:1374,0
DA:1375,0
DA:1376,0
DA:1377,0
DA:1379,0
DA:1380,0
DA:1384,0
DA:1390,1
DA:1391,8
DA:1393,8
DA:1394,8
DA:1395,8
DA:1396,8
DA:1397,8
DA:1398,2
DA:1399,2
DA:1400,2
DA:1401,0
DA:1404,0
DA:1405,0
DA:1409,2
DA:1410,2
DA:1413,0
DA:1414,0
DA:1415,0
DA:1416,0
DA:1418,0
DA:1422,8
DA:1423,6
DA:1425,6
DA:1426,1
DA:1428,5
DA:1429,0
DA:1431,5
DA:1434,2
DA:1435,2
DA:1436,2
DA:1437,2
DA:1439,2
DA:1441,2
DA:1442,2
DA:1443,0
DA:1445,2
DA:1447,2
DA:1448,2
DA:1449,2
DA:1451,2
DA:1452,2
DA:1453,0
DA:1454,0
DA:1457,2
DA:1460,1
DA:1461,8
DA:1462,8
DA:1463,8
DA:1466,0
DA:1467,0
DA:1469,0
DA:1470,0
DA:1472,0
DA:1474,0
DA:1475,0
DA:1477,0
DA:1480,1
DA:1481,8
DA:1482,0
DA:1483,8
DA:1487,1
DA:1488,1
DA:1490,1
DA:1491,4
DA:1493,4
DA:1495,1
DA:1497,1
DA:1498,2
DA:1499,2
DA:1500,4
DA:1501,4
DA:1503,2
DA:1506,1
DA:1507,2
DA:1510,1
DA:1512,1
DA:1514,1
DA:1515,4
DA:1518,1
DA:1519,6
DA:1520,6
DA:1522,6
DA:1523,7
DA:1524,7
DA:1525,3
DA:1526,4
DA:1527,2
DA:1529,2
DA:1533,1
DA:1534,0
DA:1536,0
DA:1538,1
DA:1539,1
DA:1541,1
DA:1542,0
DA:1544,0
DA:1545,0
DA:1546,0
DA:1550,0
DA:1551,0
DA:1555,1
DA:1556,0
DA:1558,0
DA:1560,1
DA:1561,1
DA:1563,1
DA:1564,0
DA:1566,0
DA:1567,0
DA:1568,0
DA:1572,0
DA:1573,0
DA:1578,1
DA:1579,0
DA:1581,0
DA:1583,1
DA:1584,1
DA:1586,1
DA:1587,0
DA:1588,0
DA:1590,0
DA:1591,0
DA:1592,0
DA:1594,0
DA:1595,0
DA:1596,0
DA:1598,0
DA:1602,0
DA:1603,0
DA:1605,0
DA:1606,0
DA:1607,0
DA:1608,0
DA:1610,0
DA:1614,1
DA:1615,0
DA:1617,0
DA:1618,0
DA:1620,1
DA:1621,1
DA:1623,1
DA:1624,0
DA:1627,1
DA:1628,0
DA:1630,0
DA:1631,0
DA:1632,0
DA:1636,0
DA:1637,0
DA:1641,1
DA:1642,0
DA:1644,0
DA:1645,0
DA:1646,0
DA:1650,0
DA:1651,0
DA:1655,1
DA:1656,0
DA:1658,0
DA:1659,0
DA:1660,0
DA:1662,0
DA:1663,0
DA:1667,0
DA:1668,0
DA:1669,0
DA:1670,0
DA:1674,1
DA:1675,4
DA:1676,0
DA:1678,0
DA:1680,0
DA:1683,0
DA:1689,1
DA:1690,0
DA:1691,0
DA:1693,1
DA:1694,1
DA:1696,1
DA:1697,3
DA:1699,3
DA:1700,3
DA:1702,1
DA:1703,1
DA:1705,1
DA:1706,0
DA:1708,0
DA:1710,1
DA:1711,1
DA:1713,1
DA:1714,1
DA:1715,1
DA:1717,1
DA:1719,1
DA:1720,1
DA:1721,28
DA:1723,28
DA:1726,1
DA:1727,1
DA:1728,1
DA:1730,1
DA:1732,1
DA:1745,1
DA:1746,1
DA:1747,1
DA:1749,1
DA:1751,1
DA:1757,1
DA:1758,56
DA:1759,56
DA:1761,56
DA:1762,28
DA:1763,3
DA:1764,0
DA:1768,25
DA:1769,4
DA:1770,4
DA:1774,28
DA:1775,0
DA:1778,0
DA:1779,0
DA:1780,0
DA:1781,0
DA:1783,0
DA:1784,0
DA:1785,0
DA:1789,1
DA:1790,2
DA:1792,2
DA:1793,56
DA:1794,56
DA:1797,2
DA:1801,1
DA:1802,6
DA:1806,6
DA:1807,7
DA:1810,7
DA:1811,5
DA:1815,2
DA:1816,2
DA:1817,2
DA:1822,1
DA:1823,3
DA:1824,3
DA:1825,4
DA:1827,3
DA:1828,3
DA:1830,3
DA:1831,1
DA:1833,3
DA:1836,1
DA:1837,3
DA:1839,3
DA:1840,0
DA:1842,3
DA:1843,3
DA:1844,3
DA:1845,0
DA:1847,3
DA:1848,0
DA:1850,3
DA:1853,3
DA:1855,3
DA:1858,1
DA:1859,2
DA:1860,0
DA:1864,2
DA:1867,1
DA:1868,0
DA:1871,0
DA:1874,1
DA:1875,3
DA:1876,3
DA:1881,1
DA:1882,2
DA:1883,0
DA:1888,1
DA:1889,0
DA:1892,1
DA:1895,9
DA:1896,2
DA:1900,1
DA:1901,2
DA:1902,0
DA:1907,1
DA:1908,5
DA:1911,1
DA:1912,5
DA:1913,0
DA:1918,1
DA:1919,0
DA:1922,1
DA:1923,0
DA:1926,1
DA:1927,0
DA:1930,1
DA:1931,1
DA:1935,1
DA:1936,1
DA:1937,1
DA:1938,1
DA:1939,1
DA:1941,1
DA:1943,1
DA:1944,2
DA:1949,1
DA:1950,0
DA:1951,0
DA:1953,0
DA:1954,0
DA:1956,0
DA:1957,0
DA:1959,0
DA:1960,0
DA:1961,0
DA:1962,0
DA:1964,0
DA:1965,0
DA:1967,0
DA:1968,0
DA:1970,0
DA:1971,0
DA:1973,0
DA:1974,0
DA:1976,0
DA:1979,0
DA:1980,0
DA:1982,0
DA:1983,0
DA:1986,0
DA:1991,1
DA:1993,1
DA:1994,2
DA:1995,0
DA:1997,2
DA:1998,2
DA:2000,2
DA:2001,2
DA:2003,0
DA:2004,0
DA:2005,0
DA:2006,0
DA:2008,0
DA:2009,0
DA:2011,0
DA:2012,0
DA:2014,0
DA:2015,0
DA:2017,0
DA:2020,0
DA:2021,0
DA:2023,0
DA:2024,0
DA:2027,0
DA:2032,1
DA:2034,1
DA:2035,0
DA:2036,0
DA:2038,0
DA:2039,0
DA:2041,0
DA:2042,0
DA:2044,0
DA:2045,0
DA:2046,0
DA:2047,0
DA:2049,0
DA:2050,0
DA:2052,0
DA:2053,0
DA:2055,0
DA:2056,0
DA:2058,0
DA:2061,0
DA:2062,0
DA:2064,0
DA:2065,0
DA:2068,0
DA:2073,1
DA:2074,0
DA:2075,0
DA:2077,0
DA:2078,0
DA:2080,0
DA:2082,0
DA:2083,0
DA:2084,0
DA:2086,0
DA:2087,0
DA:2088,0
DA:2091,1
DA:2096,1
DA:2097,1
DA:2100,1
DA:2101,3
DA:2102,3
DA:2109,0
DA:2110,3
DA:2113,1
DA:2114,1
DA:2118,1
DA:2119,1
DA:2120,1
DA:2121,1
DA:2123,1
DA:2124,0
DA:2126,1
DA:2128,1
DA:2129,0
DA:2130,0
DA:2131,0
DA:2132,0
DA:2134,0
DA:2135,0
DA:2136,0
DA:2139,1
DA:2141,0
DA:2142,0
DA:2144,0
DA:2156,0
DA:2157,0
DA:2164,0
DA:2173,1
DA:2175,1
DA:2176,0
DA:2180,1
DA:2182,1
DA:2183,10
DA:2184,10
DA:2195,0
DA:2196,0
DA:2197,0
DA:2198,0
DA:2199,0
DA:2200,0
DA:2206,1
DA:2208,1
DA:2209,1
DA:2222,1
DA:2223,1
DA:2224,1
DA:2225,0
DA:2229,1
DA:2230,1
DA:2231,1
DA:2234,1
DA:2235,1
DA:2236,1
DA:2237,1
DA:2238,0
DA:2240,1
LF:1208
LH:637
BRDA:7,1,0,1
BRDA:7,1,1,0
BRDA:7,2,0,1
BRDA:7,2,1,1
BRDA:7,3,0,0
BRDA:7,3,1,0
BRDA:7,4,0,0
BRDA:7,4,1,0
BRDA:7,5,0,0
BRDA:7,5,1,0
BRDA:7,6,0,0
BRDA:7,6,1,0
BRDA:7,7,0,0
BRDA:7,7,1,0
BRDA:7,8,0,10
BRDA:7,8,1,13
BRDA:7,9,0,0
BRDA:7,9,1,10
BRDA:7,10,0,0
BRDA:7,10,1,0
BRDA:7,11,0,0
BRDA:7,11,1,0
BRDA:7,12,0,0
BRDA:7,12,1,0
BRDA:7,13,0,0
BRDA:7,13,1,0
BRDA:7,14,0,21
BRDA:7,14,1,0
BRDA:7,15,0,1
BRDA:7,15,1,1
BRDA:58,16,0,0
BRDA:58,16,1,1
BRDA:83,17,0,0
BRDA:83,17,1,1
BRDA:82,18,0,1
BRDA:82,18,1,0
BRDA:88,19,0,1
BRDA:88,19,1,0
BRDA:103,20,0,0
BRDA:103,20,1,0
BRDA:111,21,0,0
BRDA:111,21,1,0
BRDA:119,22,0,0
BRDA:119,22,1,0
BRDA:129,23,0,0
BRDA:129,23,1,1
BRDA:131,24,0,0
BRDA:131,24,1,1
BRDA:132,25,0,0
BRDA:132,25,1,0
BRDA:132,26,0,0
BRDA:132,26,1,0
BRDA:136,27,0,0
BRDA:136,27,1,1
BRDA:140,28,0,0
BRDA:140,28,1,1
BRDA:145,29,0,0
BRDA:145,29,1,1
BRDA:145,30,0,1
BRDA:145,30,1,0
BRDA:148,31,0,1
BRDA:148,31,1,0
BRDA:150,32,0,0
BRDA:150,32,1,0
BRDA:151,33,0,0
BRDA:151,33,1,0
BRDA:154,34,0,0
BRDA:154,34,1,1
BRDA:154,35,0,1
BRDA:154,35,1,0
BRDA:159,36,0,1
BRDA:159,36,1,0
BRDA:162,37,0,0
BRDA:162,37,1,1
BRDA:164,38,0,0
BRDA:164,38,1,1
BRDA:171,39,0,0
BRDA:171,39,1,1
BRDA:173,40,0,0
BRDA:173,40,1,0
BRDA:176,41,0,0
BRDA:176,41,1,0
BRDA:179,42,0,0
BRDA:179,42,1,1
BRDA:183,43,0,0
BRDA:183,43,1,1
BRDA:182,44,0,1
BRDA:182,44,1,0
BRDA:186,45,0,0
BRDA:186,45,1,1
BRDA:186,46,0,1
BRDA:186,46,1,1
BRDA:207,47,0,0
BRDA:207,47,1,1
BRDA:209,48,0,0
BRDA:209,48,1,0
BRDA:213,49,0,0
BRDA:213,49,1,1
BRDA:217,50,0,0
BRDA:217,50,1,1
BRDA:217,51,0,1
BRDA:217,51,1,1
BRDA:220,52,0,1
BRDA:220,52,1,0
BRDA:220,53,0,1
BRDA:220,53,1,0
BRDA:224,54,0,0
BRDA:224,54,1,1
BRDA:233,55,0,1
BRDA:233,55,1,0
BRDA:238,56,0,0
BRDA:238,56,1,2
BRDA:238,57,0,2
BRDA:238,57,1,2
BRDA:238,57,2,2
BRDA:241,58,0,0
BRDA:241,58,1,2
BRDA:244,59,0,2
BRDA:244,59,1,0
BRDA:248,60,0,0
BRDA:248,60,1,2
BRDA:247,61,0,2
BRDA:247,61,1,0
BRDA:266,62,0,0
BRDA:266,62,1,0
BRDA:274,63,0,0
BRDA:274,63,1,0
BRDA:276,64,0,0
BRDA:276,64,1,0
BRDA:281,65,0,0
BRDA:281,65,1,0
BRDA:282,66,0,0
BRDA:282,66,1,0
BRDA:282,66,2,0
BRDA:282,66,3,0
BRDA:284,67,0,0
BRDA:284,67,1,0
BRDA:285,68,0,0
BRDA:285,68,1,0
BRDA:285,68,2,0
BRDA:285,69,0,0
BRDA:285,69,1,0
BRDA:289,70,0,0
BRDA:289,70,1,0
BRDA:289,70,2,0
BRDA:290,71,0,0
BRDA:290,71,1,0
BRDA:290,71,2,0
BRDA:293,72,0,0
BRDA:293,72,1,0
BRDA:293,72,2,0
BRDA:295,73,0,0
BRDA:295,73,1,0
BRDA:296,74,0,0
BRDA:296,74,1,0
BRDA:301,75,0,0
BRDA:301,75,1,0
BRDA:300,76,0,0
BRDA:300,76,1,0
BRDA:300,76,2,0
BRDA:300,76,3,0
BRDA:303,77,0,0
BRDA:303,77,1,0
BRDA:304,78,0,0
BRDA:304,78,1,0
BRDA:308,79,0,0
BRDA:308,79,1,0
BRDA:309,80,0,0
BRDA:309,80,1,0
BRDA:311,81,0,0
BRDA:311,81,1,0
BRDA:311,82,0,0
BRDA:311,82,1,0
BRDA:312,83,0,0
BRDA:312,83,1,0
BRDA:316,84,0,0
BRDA:316,84,1,0
BRDA:324,85,0,0
BRDA:324,85,1,0
BRDA:324,86,0,0
BRDA:324,86,1,0
BRDA:329,87,0,0
BRDA:329,87,1,0
BRDA:338,88,0,0
BRDA:338,88,1,0
BRDA:343,89,0,0
BRDA:343,89,1,0
BRDA:345,90,0,0
BRDA:345,90,1,0
BRDA:345,91,0,0
BRDA:345,91,1,0
BRDA:345,91,2,0
BRDA:348,92,0,0
BRDA:348,92,1,0
BRDA:368,93,0,0
BRDA:368,93,1,1
BRDA:377,94,0,0
BRDA:377,94,1,0
BRDA:377,95,0,0
BRDA:377,95,1,0
BRDA:381,96,0,0
BRDA:381,96,1,0
BRDA:381,97,0,0
BRDA:381,97,1,0
BRDA:382,98,0,0
BRDA:382,98,1,0
BRDA:387,99,0,0
BRDA:387,99,1,0
BRDA:396,100,0,1
BRDA:396,100,1,0
BRDA:399,101,0,1
BRDA:399,101,1,0
BRDA:400,102,0,1
BRDA:400,102,1,0
BRDA:401,103,0,1
BRDA:401,103,1,0
BRDA:404,104,0,0
BRDA:404,104,1,0
BRDA:404,104,2,0
BRDA:405,105,0,0
BRDA:405,105,1,0
BRDA:405,105,2,0
BRDA:412,106,0,6
BRDA:412,106,1,0
BRDA:420,107,0,0
BRDA:420,107,1,0
BRDA:426,108,0,0
BRDA:426,108,1,0
BRDA:553,109,0,0
BRDA:553,109,1,2
BRDA:555,110,0,2
BRDA:555,110,1,0
BRDA:558,111,0,0
BRDA:558,111,1,0
BRDA:569,112,0,0
BRDA:569,112,1,2
BRDA:572,113,0,0
BRDA:572,113,1,2
BRDA:583,114,0,0
BRDA:583,114,1,2
BRDA:589,115,0,0
BRDA:589,115,1,0
BRDA:602,116,0,0
BRDA:602,116,1,0
BRDA:612,117,0,0
BRDA:612,117,1,0
BRDA:622,118,0,0
BRDA:622,118,1,1
BRDA:635,119,0,0
BRDA:635,119,1,3
BRDA:639,120,0,0
BRDA:639,120,1,3
BRDA:640,121,0,0
BRDA:640,121,1,0
BRDA:653,122,0,0
BRDA:653,122,1,0
BRDA:654,123,0,0
BRDA:654,123,1,0
BRDA:693,124,0,1
BRDA:693,124,1,0
BRDA:714,125,0,1
BRDA:714,125,1,0
BRDA:737,126,0,0
BRDA:737,126,1,0
BRDA:747,127,0,0
BRDA:747,127,1,0
BRDA:780,128,0,0
BRDA:780,128,1,0
BRDA:789,129,0,0
BRDA:789,129,1,1
BRDA:818,130,0,1
BRDA:818,130,1,0
BRDA:818,131,0,1
BRDA:818,131,1,1
BRDA:835,132,0,0
BRDA:835,132,1,4
BRDA:835,133,0,4
BRDA:835,133,1,0
BRDA:839,134,0,2
BRDA:839,134,1,2
BRDA:841,135,0,0
BRDA:841,135,1,2
BRDA:851,136,0,0
BRDA:851,136,1,2
BRDA:858,137,0,0
BRDA:858,137,1,0
BRDA:861,138,0,0
BRDA:861,138,1,0
BRDA:864,139,0,0
BRDA:864,139,1,0
BRDA:876,140,0,0
BRDA:876,140,1,0
BRDA:879,141,0,0
BRDA:879,141,1,0
BRDA:888,142,0,1
BRDA:888,142,1,1
BRDA:907,143,0,0
BRDA:907,143,1,1
BRDA:915,144,0,0
BRDA:915,144,1,1
BRDA:919,145,0,0
BRDA:919,145,1,0
BRDA:935,146,0,0
BRDA:935,146,1,0
BRDA:939,147,0,0
BRDA:939,147,1,0
BRDA:939,148,0,0
BRDA:939,148,1,0
BRDA:959,149,0,0
BRDA:959,149,1,1
BRDA:959,150,0,1
BRDA:959,150,1,1
BRDA:959,150,2,1
BRDA:961,151,0,0
BRDA:961,151,1,1
BRDA:963,152,0,0
BRDA:963,152,1,1
BRDA:964,153,0,1
BRDA:964,153,1,0
BRDA:964,153,2,0
BRDA:964,153,3,0
BRDA:964,153,4,0
BRDA:964,153,5,0
BRDA:972,154,0,0
BRDA:972,154,1,1
BRDA:989,155,0,0
BRDA:989,155,1,1
BRDA:1011,156,0,0
BRDA:1011,156,1,0
BRDA:1011,157,0,0
BRDA:1011,157,1,0
BRDA:1011,157,2,0
BRDA:1015,158,0,0
BRDA:1015,158,1,0
BRDA:1014,159,0,0
BRDA:1014,159,1,0
BRDA:1029,160,0,1
BRDA:1029,160,1,0
BRDA:1029,161,0,1
BRDA:1029,161,1,0
BRDA:1035,162,0,1
BRDA:1035,162,1,0
BRDA:1038,163,0,0
BRDA:1038,163,1,1
BRDA:1040,164,0,1
BRDA:1040,164,1,0
BRDA:1040,165,0,1
BRDA:1040,165,1,0
BRDA:1043,166,0,0
BRDA:1043,166,1,0
BRDA:1045,167,0,0
BRDA:1045,167,1,0
BRDA:1050,168,0,0
BRDA:1050,168,1,1
BRDA:1055,169,0,1
BRDA:1055,169,1,0
BRDA:1059,170,0,1
BRDA:1059,170,1,0
BRDA:1059,171,0,1
BRDA:1059,171,1,0
BRDA:1069,172,0,1
BRDA:1069,172,1,0
BRDA:1070,173,0,0
BRDA:1070,173,1,1
BRDA:1070,174,0,1
BRDA:1070,174,1,0
BRDA:1078,175,0,0
BRDA:1078,175,1,0
BRDA:1084,176,0,0
BRDA:1084,176,1,1
BRDA:1094,177,0,0
BRDA:1094,177,1,1
BRDA:1104,178,0,0
BRDA:1104,178,1,0
BRDA:1115,179,0,0
BRDA:1115,179,1,0
BRDA:1169,180,0,0
BRDA:1169,180,1,0
BRDA:1176,181,0,0
BRDA:1176,181,1,0
BRDA:1177,182,0,0
BRDA:1177,182,1,0
BRDA:1180,183,0,0
BRDA:1180,183,1,0
BRDA:1186,184,0,0
BRDA:1186,184,1,0
BRDA:1201,185,0,1
BRDA:1201,185,1,1
BRDA:1237,186,0,0
BRDA:1237,186,1,0
BRDA:1243,187,0,0
BRDA:1243,187,1,0
BRDA:1244,188,0,0
BRDA:1244,188,1,0
BRDA:1244,188,2,0
BRDA:1244,188,3,0
BRDA:1299,189,0,0
BRDA:1299,189,1,0
BRDA:1301,190,0,0
BRDA:1301,190,1,0
BRDA:1304,191,0,0
BRDA:1304,191,1,0
BRDA:1306,192,0,0
BRDA:1306,192,1,0
BRDA:1311,193,0,0
BRDA:1311,193,1,0
BRDA:1324,194,0,0
BRDA:1324,194,1,2
BRDA:1363,195,0,0
BRDA:1363,195,1,2
BRDA:1374,196,0,0
BRDA:1374,196,1,0
BRDA:1398,197,0,2
BRDA:1398,197,1,0
BRDA:1404,198,0,0
BRDA:1404,198,1,0
BRDA:1409,199,0,2
BRDA:1409,199,1,0
BRDA:1413,200,0,0
BRDA:1413,200,1,0
BRDA:1422,201,0,6
BRDA:1422,201,1,2
BRDA:1425,202,0,1
BRDA:1425,202,1,5
BRDA:1428,203,0,0
BRDA:1428,203,1,5
BRDA:1442,204,0,0
BRDA:1442,204,1,2
BRDA:1452,205,0,0
BRDA:1452,205,1,2
BRDA:1461,206,0,8
BRDA:1461,206,1,0
BRDA:1466,207,0,0
BRDA:1466,207,1,0
BRDA:1481,208,0,0
BRDA:1481,208,1,8
BRDA:1481,209,0,8
BRDA:1481,209,1,0
BRDA:1524,210,0,3
BRDA:1524,210,1,4
BRDA:1526,211,0,2
BRDA:1526,211,1,2
BRDA:1544,212,0,0
BRDA:1544,212,1,0
BRDA:1566,213,0,0
BRDA:1566,213,1,0
BRDA:1590,214,0,0
BRDA:1590,214,1,0
BRDA:1630,215,0,0
BRDA:1630,215,1,0
BRDA:1644,216,0,0
BRDA:1644,216,1,0
BRDA:1658,217,0,0
BRDA:1658,217,1,0
BRDA:1662,218,0,0
BRDA:1662,218,1,0
BRDA:1669,219,0,0
BRDA:1669,219,1,0
BRDA:1679,220,0,0
BRDA:1679,220,1,0
BRDA:1680,221,0,0
BRDA:1680,221,1,0
BRDA:1683,222,0,0
BRDA:1683,222,1,0
BRDA:1761,223,0,28
BRDA:1761,223,1,28
BRDA:1762,224,0,3
BRDA:1762,224,1,25
BRDA:1762,225,0,28
BRDA:1762,225,1,27
BRDA:1762,225,2,26
BRDA:1783,226,0,0
BRDA:1783,226,1,0
BRDA:1783,227,0,0
BRDA:1783,227,1,0
BRDA:1783,227,2,0
BRDA:1803,228,0,6
BRDA:1803,228,1,0
BRDA:1810,229,0,5
BRDA:1810,229,1,2
BRDA:1830,230,0,1
BRDA:1830,230,1,2
BRDA:1839,231,0,0
BRDA:1839,231,1,3
BRDA:1844,232,0,0
BRDA:1844,232,1,3
BRDA:1847,233,0,0
BRDA:1847,233,1,3
BRDA:1859,234,0,0
BRDA:1859,234,1,2
BRDA:1877,235,0,2
BRDA:1877,235,1,1
BRDA:1884,236,0,0
BRDA:1884,236,1,0
BRDA:1944,237,0,2
BRDA:1944,237,1,2
BRDA:1944,237,2,2
BRDA:1944,237,3,0
BRDA:1950,238,0,0
BRDA:1950,238,1,0
BRDA:1956,239,0,0
BRDA:1956,239,1,0
BRDA:1966,240,0,0
BRDA:1966,240,1,0
BRDA:1966,240,2,0
BRDA:1966,240,3,0
BRDA:1979,241,0,0
BRDA:1979,241,1,0
BRDA:1987,242,0,0
BRDA:1987,242,1,0
BRDA:1994,243,0,0
BRDA:1994,243,1,2
BRDA:2000,244,0,2
BRDA:2000,244,1,0
BRDA:2010,245,0,0
BRDA:2010,245,1,0
BRDA:2010,245,2,0
BRDA:2020,246,0,0
BRDA:2020,246,1,0
BRDA:2028,247,0,0
BRDA:2028,247,1,0
BRDA:2035,248,0,0
BRDA:2035,248,1,0
BRDA:2041,249,0,0
BRDA:2041,249,1,0
BRDA:2051,250,0,0
BRDA:2051,250,1,0
BRDA:2051,250,2,0
BRDA:2061,251,0,0
BRDA:2061,251,1,0
BRDA:2069,252,0,0
BRDA:2069,252,1,0
BRDA:2074,253,0,0
BRDA:2074,253,1,0
BRDA:2074,254,0,0
BRDA:2074,254,1,0
BRDA:2075,255,0,0
BRDA:2075,255,1,0
BRDA:2082,256,0,0
BRDA:2082,256,1,0
BRDA:2086,257,0,0
BRDA:2086,257,1,0
BRDA:2101,258,0,0
BRDA:2101,258,1,3
BRDA:2101,259,0,3
BRDA:2101,259,1,3
BRDA:2102,260,0,0
BRDA:2102,260,1,3
BRDA:2102,261,0,3
BRDA:2102,261,1,2
BRDA:2102,261,2,2
BRDA:2102,261,3,2
BRDA:2102,261,4,2
BRDA:2102,261,5,2
BRDA:2102,261,6,0
BRDA:2110,262,0,3
BRDA:2110,262,1,1
BRDA:2114,263,0,1
BRDA:2114,263,1,1
BRDA:2114,263,2,1
BRDA:2114,263,3,1
BRDA:2129,264,0,0
BRDA:2129,264,1,0
BRDA:2131,265,0,0
BRDA:2131,265,1,0
BRDA:2131,266,0,0
BRDA:2131,266,1,0
BRDA:2141,267,0,0
BRDA:2141,267,1,0
BRDA:2144,268,0,0
BRDA:2144,268,1,0
BRDA:2159,269,0,0
BRDA:2159,269,1,0
BRDA:2176,270,0,0
BRDA:2176,270,1,0
BRDA:2180,271,0,1
BRDA:2180,271,1,0
BRDA:2206,272,0,1
BRDA:2206,272,1,0
BRDA:2223,273,0,1
BRDA:2223,273,1,0
BRDA:2230,274,0,1
BRDA:2230,274,1,0
BRDA:2234,275,0,1
BRDA:2234,275,1,1
BRDA:2234,275,2,0
BRDA:2235,276,0,1
BRDA:2235,276,1,0
BRDA:2237,277,0,0
BRDA:2237,277,1,1
BRDA:2241,278,0,0
BRDA:2241,278,1,1
BRDA:2241,279,0,1
BRDA:2241,279,1,0
BRF:594
BRH:175
end_of_record
TN:
SF:C:\Users\Sadlize\dev\bem-bootstrap\components.tmpl-specs\card\card.bemhtml.js
FN:2,(anonymous_1)
FN:3,buildBemXjst
FN:6,(anonymous_3)
FN:7,(anonymous_4)
FN:7,(anonymous_5)
FN:7,e
FN:7,s
FN:7,(anonymous_8)
FN:7,(anonymous_9)
FN:19,Entity
FN:36,(anonymous_11)
FN:56,(anonymous_12)
FN:73,(anonymous_13)
FN:79,BEMHTML
FN:97,(anonymous_15)
FN:125,(anonymous_16)
FN:201,(anonymous_17)
FN:229,(anonymous_18)
FN:257,(anonymous_19)
FN:367,(anonymous_20)
FN:394,(anonymous_21)
FN:395,ClassBuilder
FN:411,(anonymous_23)
FN:418,(anonymous_24)
FN:424,(anonymous_25)
FN:430,(anonymous_26)
FN:437,(anonymous_27)
FN:441,(anonymous_28)
FN:444,Context
FN:477,(anonymous_30)
FN:486,(anonymous_31)
FN:490,(anonymous_32)
FN:494,(anonymous_33)
FN:498,(anonymous_34)
FN:502,(anonymous_35)
FN:510,Entity
FN:539,(anonymous_37)
FN:552,(anonymous_38)
FN:562,(anonymous_39)
FN:597,(anonymous_40)
FN:621,(anonymous_41)
FN:629,contentMode
FN:633,(anonymous_43)
FN:642,defaultBodyProxy
FN:648,(anonymous_45)
FN:649,BEMXJSTError
FN:664,(anonymous_47)
FN:674,BEMXJST
FN:687,ContextChild
FN:713,(anonymous_50)
FN:724,(anonymous_51)
FN:727,applyCtx
FN:731,_applyCtx
FN:735,applyCtxWrap
FN:740,(anonymous_55)
FN:745,_applyCtxWrap
FN:750,(anonymous_57)
FN:755,apply
FN:759,localWrap
FN:760,localBody
FN:779,applyNextWrap
FN:809,(anonymous_62)
FN:815,(anonymous_63)
FN:824,(anonymous_64)
FN:895,(anonymous_65)
FN:958,(anonymous_66)
FN:978,(anonymous_67)
FN:999,(anonymous_68)
FN:1004,(anonymous_69)
FN:1009,(anonymous_70)
FN:1019,(anonymous_71)
FN:1100,(anonymous_72)
FN:1108,(anonymous_73)
FN:1129,(anonymous_74)
FN:1161,(anonymous_75)
FN:1165,(anonymous_76)
FN:1193,(anonymous_77)
FN:1199,(anonymous_78)
FN:1203,(anonymous_79)
FN:1208,(anonymous_80)
FN:1218,(anonymous_81)
FN:1226,MatchNested
FN:1232,(anonymous_83)
FN:1249,MatchCustom
FN:1254,(anonymous_85)
FN:1258,MatchWrap
FN:1263,(anonymous_87)
FN:1269,MatchExtend
FN:1274,(anonymous_89)
FN:1280,AddWrap
FN:1286,(anonymous_91)
FN:1290,MatchTemplate
FN:1329,Match
FN:1349,(anonymous_94)
FN:1359,(anonymous_95)
FN:1369,(anonymous_96)
FN:1390,(anonymous_97)
FN:1460,(anonymous_98)
FN:1480,(anonymous_99)
FN:1486,(anonymous_100)
FN:1490,Template
FN:1497,(anonymous_102)
FN:1506,(anonymous_103)
FN:1510,MatchBase
FN:1514,(anonymous_105)
FN:1518,Item
FN:1533,WrapMatch
FN:1541,(anonymous_108)
FN:1545,(anonymous_109)
FN:1550,(anonymous_110)
FN:1555,ReplaceMatch
FN:1563,(anonymous_112)
FN:1567,(anonymous_113)
FN:1572,(anonymous_114)
FN:1578,ExtendMatch
FN:1586,(anonymous_116)
FN:1591,(anonymous_117)
FN:1602,(anonymous_118)
FN:1614,AddMatch
FN:1623,(anonymous_120)
FN:1627,(anonymous_121)
FN:1631,(anonymous_122)
FN:1636,(anonymous_123)
FN:1641,(anonymous_124)
FN:1645,(anonymous_125)
FN:1650,(anonymous_126)
FN:1655,(anonymous_127)
FN:1659,(anonymous_128)
FN:1667,(anonymous_129)
FN:1674,(anonymous_130)
FN:1675,(anonymous_131)
FN:1679,(anonymous_132)
FN:1682,(anonymous_133)
FN:1689,CompilerOptions
FN:1696,PropertyMatch
FN:1705,CustomMatch
FN:1713,Tree
FN:1745,(anonymous_138)
FN:1757,methodFactory
FN:1763,(anonymous_140)
FN:1768,(anonymous_141)
FN:1774,(anonymous_142)
FN:1789,(anonymous_143)
FN:1801,(anonymous_144)
FN:1822,(anonymous_145)
FN:1836,(anonymous_146)
FN:1858,(anonymous_147)
FN:1867,(anonymous_148)
FN:1874,(anonymous_149)
FN:1875,(anonymous_150)
FN:1881,(anonymous_151)
FN:1882,(anonymous_152)
FN:1888,(anonymous_153)
FN:1894,(anonymous_154)
FN:1895,(anonymous_155)
FN:1900,(anonymous_156)
FN:1901,(anonymous_157)
FN:1907,capitalize
FN:1911,(anonymous_159)
FN:1912,(anonymous_160)
FN:1918,(anonymous_161)
FN:1922,(anonymous_162)
FN:1926,(anonymous_163)
FN:1930,(anonymous_164)
FN:1934,(anonymous_165)
FN:1943,isEmpty
FN:1949,(anonymous_167)
FN:1993,(anonymous_168)
FN:2034,(anonymous_169)
FN:2073,(anonymous_170)
FN:2096,(anonymous_171)
FN:2100,isSimple
FN:2113,(anonymous_173)
FN:2123,getUniq
FN:2128,(anonymous_175)
FN:2139,(anonymous_176)
FN:2175,(anonymous_177)
FN:2179,(anonymous_178)
FN:2182,inherits
FN:2195,inherits
FN:2197,(anonymous_181)
FN:2209,(anonymous_182)
FN:12,(anonymous_183)
FN:19,(anonymous_184)
FN:29,(anonymous_185)
FN:38,(anonymous_186)
FN:2279,(anonymous_187)
FN:2281,(anonymous_188)
FN:2295,(anonymous_189)
FNF:189
FNH:99
FNDA:19,(anonymous_1)
FNDA:19,buildBemXjst
FNDA:19,(anonymous_3)
FNDA:19,(anonymous_4)
FNDA:19,(anonymous_5)
FNDA:19,e
FNDA:437,s
FNDA:399,(anonymous_8)
FNDA:19,(anonymous_9)
FNDA:513,Entity
FNDA:677,(anonymous_11)
FNDA:347,(anonymous_12)
FNDA:19,(anonymous_13)
FNDA:19,BEMHTML
FNDA:172,(anonymous_15)
FNDA:347,(anonymous_16)
FNDA:347,(anonymous_17)
FNDA:347,(anonymous_18)
FNDA:51,(anonymous_19)
FNDA:423,(anonymous_20)
FNDA:19,(anonymous_21)
FNDA:19,ClassBuilder
FNDA:1747,(anonymous_23)
FNDA:20,(anonymous_24)
FNDA:20,(anonymous_25)
FNDA:20,(anonymous_26)
FNDA:475,(anonymous_27)
FNDA:19,(anonymous_28)
FNDA:19,Context
FNDA:0,(anonymous_30)
FNDA:0,(anonymous_31)
FNDA:0,(anonymous_32)
FNDA:0,(anonymous_33)
FNDA:0,(anonymous_34)
FNDA:19,(anonymous_35)
FNDA:513,Entity
FNDA:0,(anonymous_37)
FNDA:551,(anonymous_38)
FNDA:513,(anonymous_39)
FNDA:0,(anonymous_40)
FNDA:347,(anonymous_41)
FNDA:0,contentMode
FNDA:1425,(anonymous_43)
FNDA:0,defaultBodyProxy
FNDA:0,(anonymous_45)
FNDA:0,BEMXJSTError
FNDA:19,(anonymous_47)
FNDA:19,BEMXJST
FNDA:19,ContextChild
FNDA:19,(anonymous_50)
FNDA:19,(anonymous_51)
FNDA:0,applyCtx
FNDA:0,_applyCtx
FNDA:0,applyCtxWrap
FNDA:0,(anonymous_55)
FNDA:0,_applyCtxWrap
FNDA:0,(anonymous_57)
FNDA:0,apply
FNDA:0,localWrap
FNDA:0,localBody
FNDA:0,applyNextWrap
FNDA:0,(anonymous_62)
FNDA:19,(anonymous_63)
FNDA:19,(anonymous_64)
FNDA:19,(anonymous_65)
FNDA:686,(anonymous_66)
FNDA:19,(anonymous_67)
FNDA:0,(anonymous_68)
FNDA:3,(anonymous_69)
FNDA:164,(anonymous_70)
FNDA:347,(anonymous_71)
FNDA:0,(anonymous_72)
FNDA:325,(anonymous_73)
FNDA:0,(anonymous_74)
FNDA:0,(anonymous_75)
FNDA:0,(anonymous_76)
FNDA:0,(anonymous_77)
FNDA:19,(anonymous_78)
FNDA:19,(anonymous_79)
FNDA:0,(anonymous_80)
FNDA:19,(anonymous_81)
FNDA:0,MatchNested
FNDA:0,(anonymous_83)
FNDA:0,MatchCustom
FNDA:0,(anonymous_85)
FNDA:0,MatchWrap
FNDA:0,(anonymous_87)
FNDA:0,MatchExtend
FNDA:0,(anonymous_89)
FNDA:0,AddWrap
FNDA:0,(anonymous_91)
FNDA:551,MatchTemplate
FNDA:5130,Match
FNDA:0,(anonymous_94)
FNDA:551,(anonymous_95)
FNDA:10,(anonymous_96)
FNDA:3009,(anonymous_97)
FNDA:3009,(anonymous_98)
FNDA:3009,(anonymous_99)
FNDA:19,(anonymous_100)
FNDA:1102,Template
FNDA:551,(anonymous_102)
FNDA:551,(anonymous_103)
FNDA:1026,MatchBase
FNDA:1102,(anonymous_105)
FNDA:2033,Item
FNDA:0,WrapMatch
FNDA:0,(anonymous_108)
FNDA:0,(anonymous_109)
FNDA:0,(anonymous_110)
FNDA:0,ReplaceMatch
FNDA:0,(anonymous_112)
FNDA:0,(anonymous_113)
FNDA:0,(anonymous_114)
FNDA:0,ExtendMatch
FNDA:0,(anonymous_116)
FNDA:0,(anonymous_117)
FNDA:0,(anonymous_118)
FNDA:0,AddMatch
FNDA:0,(anonymous_120)
FNDA:0,(anonymous_121)
FNDA:0,(anonymous_122)
FNDA:0,(anonymous_123)
FNDA:0,(anonymous_124)
FNDA:0,(anonymous_125)
FNDA:0,(anonymous_126)
FNDA:0,(anonymous_127)
FNDA:0,(anonymous_128)
FNDA:0,(anonymous_129)
FNDA:76,(anonymous_130)
FNDA:0,(anonymous_131)
FNDA:0,(anonymous_132)
FNDA:0,(anonymous_133)
FNDA:0,CompilerOptions
FNDA:1026,PropertyMatch
FNDA:0,CustomMatch
FNDA:19,Tree
FNDA:19,(anonymous_138)
FNDA:1064,methodFactory
FNDA:0,(anonymous_140)
FNDA:1026,(anonymous_141)
FNDA:19,(anonymous_142)
FNDA:38,(anonymous_143)
FNDA:2014,(anonymous_144)
FNDA:1007,(anonymous_145)
FNDA:1026,(anonymous_146)
FNDA:551,(anonymous_147)
FNDA:0,(anonymous_148)
FNDA:57,(anonymous_149)
FNDA:1026,(anonymous_150)
FNDA:38,(anonymous_151)
FNDA:0,(anonymous_152)
FNDA:0,(anonymous_153)
FNDA:171,(anonymous_154)
FNDA:551,(anonymous_155)
FNDA:38,(anonymous_156)
FNDA:0,(anonymous_157)
FNDA:95,capitalize
FNDA:95,(anonymous_159)
FNDA:0,(anonymous_160)
FNDA:0,(anonymous_161)
FNDA:0,(anonymous_162)
FNDA:0,(anonymous_163)
FNDA:19,(anonymous_164)
FNDA:19,(anonymous_165)
FNDA:56,isEmpty
FNDA:0,(anonymous_167)
FNDA:56,(anonymous_168)
FNDA:0,(anonymous_169)
FNDA:0,(anonymous_170)
FNDA:347,(anonymous_171)
FNDA:567,isSimple
FNDA:347,(anonymous_173)
FNDA:0,getUniq
FNDA:0,(anonymous_175)
FNDA:0,(anonymous_176)
FNDA:0,(anonymous_177)
FNDA:19,(anonymous_178)
FNDA:190,inherits
FNDA:0,inherits
FNDA:0,(anonymous_181)
FNDA:19,(anonymous_182)
FNDA:0,(anonymous_183)
FNDA:0,(anonymous_184)
FNDA:6,(anonymous_185)
FNDA:4,(anonymous_186)
FNDA:19,(anonymous_187)
FNDA:0,(anonymous_188)
FNDA:0,(anonymous_189)
DA:1,19
DA:2,19
DA:3,1
DA:4,19
DA:6,19
DA:7,437
DA:8,19
DA:9,19
DA:10,19
DA:13,0
DA:16,19
DA:17,19
DA:19,1
DA:20,513
DA:22,513
DA:23,19
DA:25,513
DA:26,513
DA:27,513
DA:28,513
DA:30,513
DA:33,19
DA:34,19
DA:36,19
DA:37,677
DA:38,677
DA:39,4
DA:41,677
DA:42,19
DA:44,19
DA:46,19
DA:48,19
DA:50,19
DA:52,19
DA:54,19
DA:56,19
DA:57,347
DA:58,347
DA:60,347
DA:62,19
DA:64,19
DA:74,19
DA:75,19
DA:76,19
DA:77,19
DA:79,1
DA:80,19
DA:82,19
DA:85,19
DA:86,19
DA:87,19
DA:92,19
DA:93,19
DA:95,19
DA:97,19
DA:98,172
DA:99,172
DA:100,172
DA:101,172
DA:103,172
DA:104,0
DA:106,172
DA:107,172
DA:109,172
DA:111,172
DA:112,0
DA:113,0
DA:115,172
DA:116,342
DA:119,172
DA:120,172
DA:122,172
DA:125,19
DA:127,347
DA:129,347
DA:130,157
DA:131,190
DA:132,0
DA:134,347
DA:136,347
DA:137,0
DA:139,347
DA:140,347
DA:141,0
DA:142,0
DA:145,347
DA:146,347
DA:148,347
DA:154,347
DA:155,10
DA:157,337
DA:158,337
DA:159,337
DA:160,337
DA:161,337
DA:164,337
DA:165,51
DA:166,51
DA:167,51
DA:168,51
DA:171,337
DA:172,0
DA:175,0
DA:179,337
DA:180,0
DA:182,337
DA:186,337
DA:187,0
DA:189,337
DA:192,19
DA:201,19
DA:203,347
DA:205,347
DA:207,347
DA:208,21
DA:209,21
DA:210,0
DA:212,326
DA:213,326
DA:214,0
DA:217,326
DA:218,325
DA:220,326
DA:221,326
DA:224,347
DA:225,0
DA:226,347
DA:229,19
DA:230,347
DA:233,347
DA:236,35
DA:237,56
DA:238,56
DA:239,0
DA:241,56
DA:242,0
DA:244,56
DA:245,56
DA:247,56
DA:254,347
DA:257,19
DA:258,51
DA:259,51
DA:260,51
DA:261,51
DA:263,51
DA:266,51
DA:267,14
DA:269,51
DA:271,51
DA:272,51
DA:273,86
DA:274,86
DA:275,0
DA:276,86
DA:277,13
DA:279,86
DA:281,86
DA:282,2
DA:284,84
DA:285,84
DA:289,86
DA:290,86
DA:291,86
DA:293,86
DA:296,86
DA:297,86
DA:299,86
DA:303,86
DA:304,0
DA:305,0
DA:307,0
DA:309,0
DA:310,0
DA:316,86
DA:317,0
DA:318,0
DA:319,0
DA:320,0
DA:324,86
DA:325,0
DA:327,86
DA:328,86
DA:329,86
DA:330,86
DA:332,0
DA:333,0
DA:334,0
DA:335,0
DA:336,0
DA:338,0
DA:339,0
DA:341,0
DA:342,0
DA:343,0
DA:345,0
DA:348,0
DA:350,0
DA:351,0
DA:352,0
DA:360,51
DA:367,19
DA:368,423
DA:369,86
DA:371,337
DA:373,337
DA:376,337
DA:377,20
DA:378,0
DA:380,20
DA:381,20
DA:382,20
DA:383,0
DA:385,20
DA:386,20
DA:391,337
DA:395,1
DA:396,19
DA:398,19
DA:409,19
DA:411,19
DA:412,1747
DA:413,1167
DA:415,580
DA:418,19
DA:419,20
DA:420,20
DA:421,20
DA:424,19
DA:425,20
DA:426,20
DA:427,20
DA:430,19
DA:431,20
DA:437,19
DA:438,475
DA:442,19
DA:444,1
DA:445,19
DA:447,19
DA:448,19
DA:451,19
DA:453,19
DA:454,19
DA:455,19
DA:457,19
DA:458,19
DA:459,19
DA:461,19
DA:463,19
DA:465,19
DA:467,19
DA:469,19
DA:470,19
DA:471,19
DA:473,19
DA:474,19
DA:475,19
DA:477,19
DA:478,0
DA:486,19
DA:487,0
DA:490,19
DA:491,0
DA:494,19
DA:495,0
DA:498,19
DA:499,0
DA:503,19
DA:504,19
DA:505,19
DA:506,19
DA:507,19
DA:508,19
DA:510,1
DA:511,513
DA:513,513
DA:514,513
DA:517,513
DA:520,513
DA:523,513
DA:524,513
DA:525,513
DA:526,513
DA:527,513
DA:528,513
DA:531,513
DA:534,513
DA:535,513
DA:537,19
DA:539,19
DA:540,0
DA:541,0
DA:544,19
DA:552,19
DA:553,551
DA:554,0
DA:555,551
DA:556,551
DA:558,0
DA:562,19
DA:564,513
DA:565,551
DA:567,551
DA:568,551
DA:569,551
DA:570,0
DA:572,551
DA:573,0
DA:575,551
DA:576,551
DA:579,551
DA:580,551
DA:583,551
DA:584,0
DA:587,551
DA:588,0
DA:589,0
DA:590,0
DA:592,0
DA:597,19
DA:599,0
DA:600,0
DA:601,0
DA:602,0
DA:603,0
DA:605,0
DA:609,0
DA:610,0
DA:611,0
DA:612,0
DA:613,0
DA:615,0
DA:616,0
DA:621,19
DA:622,347
DA:623,0
DA:625,347
DA:629,1
DA:630,0
DA:633,19
DA:635,1425
DA:636,0
DA:639,1425
DA:640,0
DA:641,0
DA:642,0
DA:643,0
DA:649,1
DA:650,0
DA:651,0
DA:653,0
DA:654,0
DA:656,0
DA:659,0
DA:660,0
DA:662,0
DA:665,19
DA:667,19
DA:668,19
DA:669,19
DA:670,19
DA:671,19
DA:672,19
DA:674,1
DA:675,19
DA:677,19
DA:678,19
DA:681,19
DA:684,19
DA:687,19
DA:688,19
DA:690,19
DA:691,19
DA:693,19
DA:696,19
DA:699,19
DA:702,19
DA:705,19
DA:706,19
DA:708,19
DA:710,19
DA:713,19
DA:714,19
DA:716,19
DA:717,19
DA:719,19
DA:720,19
DA:724,19
DA:725,19
DA:727,1
DA:728,0
DA:731,1
DA:732,0
DA:735,1
DA:737,0
DA:738,0
DA:740,0
DA:741,0
DA:745,1
DA:747,0
DA:748,0
DA:750,0
DA:751,0
DA:755,1
DA:756,0
DA:759,1
DA:760,0
DA:761,0
DA:765,19
DA:774,19
DA:776,19
DA:780,0
DA:781,0
DA:782,0
DA:789,19
DA:790,0
DA:792,0
DA:797,19
DA:800,19
DA:803,19
DA:805,19
DA:806,19
DA:809,19
DA:810,0
DA:812,0
DA:815,19
DA:816,19
DA:818,19
DA:819,19
DA:821,0
DA:824,19
DA:825,19
DA:826,19
DA:828,551
DA:829,551
DA:830,551
DA:832,551
DA:833,551
DA:834,1102
DA:835,1102
DA:837,0
DA:839,1102
DA:840,551
DA:841,551
DA:842,0
DA:844,551
DA:847,551
DA:848,551
DA:851,551
DA:852,0
DA:855,0
DA:856,0
DA:858,0
DA:859,0
DA:861,0
DA:862,0
DA:864,0
DA:865,0
DA:869,0
DA:874,0
DA:879,0
DA:880,0
DA:883,0
DA:886,551
DA:888,551
DA:889,475
DA:890,551
DA:892,19
DA:895,19
DA:896,19
DA:898,19
DA:899,19
DA:900,475
DA:903,475
DA:904,475
DA:905,475
DA:907,475
DA:908,0
DA:910,475
DA:915,19
DA:916,0
DA:917,0
DA:918,0
DA:919,0
DA:920,0
DA:922,0
DA:924,0
DA:925,0
DA:929,19
DA:930,0
DA:931,0
DA:932,0
DA:933,0
DA:934,0
DA:935,0
DA:936,0
DA:938,0
DA:939,0
DA:940,0
DA:942,0
DA:944,0
DA:948,19
DA:949,475
DA:950,475
DA:951,475
DA:952,475
DA:955,19
DA:958,19
DA:959,686
DA:960,0
DA:961,686
DA:962,172
DA:963,514
DA:971,3
DA:972,511
DA:973,164
DA:975,347
DA:978,19
DA:979,19
DA:980,19
DA:981,19
DA:983,19
DA:984,19
DA:985,19
DA:986,19
DA:987,19
DA:989,19
DA:990,0
DA:992,19
DA:993,19
DA:994,19
DA:996,19
DA:999,19
DA:1000,0
DA:1001,0
DA:1004,19
DA:1005,3
DA:1006,3
DA:1009,19
DA:1010,164
DA:1011,164
DA:1012,0
DA:1014,164
DA:1019,19
DA:1020,347
DA:1022,347
DA:1023,347
DA:1024,347
DA:1025,347
DA:1026,347
DA:1027,347
DA:1029,347
DA:1030,337
DA:1032,10
DA:1034,347
DA:1035,347
DA:1036,104
DA:1038,104
DA:1039,0
DA:1040,104
DA:1041,104
DA:1043,243
DA:1044,10
DA:1045,233
DA:1046,0
DA:1049,347
DA:1050,347
DA:1051,20
DA:1053,327
DA:1055,347
DA:1056,347
DA:1059,347
DA:1060,337
DA:1062,10
DA:1065,347
DA:1067,347
DA:1068,347
DA:1069,347
DA:1070,183
DA:1072,0
DA:1073,0
DA:1077,164
DA:1078,164
DA:1079,83
DA:1080,164
DA:1083,347
DA:1087,347
DA:1088,347
DA:1089,347
DA:1090,347
DA:1091,347
DA:1092,347
DA:1093,347
DA:1094,347
DA:1095,0
DA:1097,347
DA:1100,19
DA:1101,0
DA:1102,0
DA:1104,0
DA:1108,19
DA:1109,325
DA:1110,325
DA:1111,325
DA:1112,325
DA:1114,325
DA:1115,325
DA:1116,315
DA:1117,315
DA:1120,325
DA:1122,325
DA:1123,325
DA:1124,325
DA:1126,325
DA:1129,19
DA:1130,0
DA:1131,0
DA:1132,0
DA:1133,0
DA:1134,0
DA:1136,0
DA:1137,0
DA:1138,0
DA:1140,0
DA:1144,0
DA:1147,0
DA:1149,0
DA:1150,0
DA:1151,0
DA:1152,0
DA:1153,0
DA:1155,0
DA:1158,0
DA:1161,19
DA:1162,0
DA:1165,19
DA:1166,0
DA:1167,0
DA:1169,0
DA:1170,0
DA:1171,0
DA:1173,0
DA:1176,0
DA:1177,0
DA:1178,0
DA:1180,0
DA:1181,0
DA:1183,0
DA:1186,0
DA:1187,0
DA:1189,0
DA:1193,0
DA:1194,0
DA:1196,0
DA:1199,19
DA:1200,19
DA:1201,19
DA:1203,19
DA:1204,19
DA:1208,19
DA:1209,0
DA:1210,0
DA:1213,19
DA:1215,19
DA:1219,19
DA:1220,19
DA:1221,19
DA:1222,19
DA:1223,19
DA:1224,19
DA:1226,1
DA:1227,0
DA:1228,0
DA:1229,0
DA:1232,19
DA:1233,0
DA:1235,0
DA:1236,0
DA:1237,0
DA:1238,0
DA:1241,0
DA:1243,0
DA:1244,0
DA:1246,0
DA:1249,1
DA:1250,0
DA:1251,0
DA:1254,19
DA:1255,0
DA:1258,1
DA:1259,0
DA:1260,0
DA:1263,19
DA:1264,0
DA:1265,0
DA:1266,0
DA:1269,1
DA:1270,0
DA:1271,0
DA:1274,19
DA:1275,0
DA:1276,0
DA:1277,0
DA:1280,1
DA:1281,0
DA:1282,0
DA:1283,0
DA:1286,19
DA:1287,0
DA:1290,1
DA:1291,551
DA:1292,551
DA:1293,551
DA:1295,551
DA:1297,551
DA:1298,0
DA:1299,0
DA:1300,0
DA:1301,0
DA:1302,0
DA:1303,0
DA:1304,0
DA:1305,0
DA:1306,0
DA:1307,0
DA:1311,0
DA:1312,0
DA:1313,0
DA:1316,0
DA:1321,551
DA:1322,0
DA:1324,551
DA:1325,0
DA:1327,19
DA:1329,1
DA:1330,5130
DA:1331,5130
DA:1332,5130
DA:1333,5130
DA:1336,5130
DA:1339,5130
DA:1340,5130
DA:1342,5130
DA:1343,5130
DA:1345,5130
DA:1347,19
DA:1349,19
DA:1350,0
DA:1351,0
DA:1353,0
DA:1354,0
DA:1356,0
DA:1359,19
DA:1360,551
DA:1361,551
DA:1363,551
DA:1364,0
DA:1366,551
DA:1369,19
DA:1370,10
DA:1371,10
DA:1373,0
DA:1374,0
DA:1375,0
DA:1376,0
DA:1377,0
DA:1379,0
DA:1380,0
DA:1384,0
DA:1390,19
DA:1391,3009
DA:1393,3009
DA:1394,3009
DA:1395,3009
DA:1396,3009
DA:1397,3009
DA:1398,193
DA:1399,193
DA:1400,193
DA:1401,0
DA:1404,0
DA:1405,0
DA:1409,193
DA:1410,193
DA:1413,0
DA:1414,0
DA:1415,0
DA:1416,0
DA:1418,0
DA:1422,3009
DA:1423,2816
DA:1425,2816
DA:1426,347
DA:1428,2469
DA:1429,233
DA:1431,2236
DA:1434,193
DA:1435,193
DA:1436,193
DA:1437,193
DA:1439,193
DA:1441,193
DA:1442,193
DA:1443,10
DA:1445,183
DA:1447,193
DA:1448,193
DA:1449,193
DA:1451,193
DA:1452,193
DA:1453,0
DA:1454,0
DA:1457,193
DA:1460,19
DA:1461,3009
DA:1462,3009
DA:1463,3009
DA:1466,0
DA:1467,0
DA:1469,0
DA:1470,0
DA:1472,0
DA:1474,0
DA:1475,0
DA:1477,0
DA:1480,19
DA:1481,3009
DA:1482,0
DA:1483,3009
DA:1487,19
DA:1488,19
DA:1490,1
DA:1491,1102
DA:1493,1102
DA:1495,19
DA:1497,19
DA:1498,551
DA:1499,551
DA:1500,1102
DA:1501,1102
DA:1503,551
DA:1506,19
DA:1507,551
DA:1510,1
DA:1512,19
DA:1514,19
DA:1515,1102
DA:1518,1
DA:1519,2033
DA:1520,2033
DA:1522,2033
DA:1523,2109
DA:1524,2109
DA:1525,1026
DA:1526,1083
DA:1527,532
DA:1529,551
DA:1533,1
DA:1534,0
DA:1536,0
DA:1538,19
DA:1539,19
DA:1541,19
DA:1542,0
DA:1544,0
DA:1545,0
DA:1546,0
DA:1550,0
DA:1551,0
DA:1555,1
DA:1556,0
DA:1558,0
DA:1560,19
DA:1561,19
DA:1563,19
DA:1564,0
DA:1566,0
DA:1567,0
DA:1568,0
DA:1572,0
DA:1573,0
DA:1578,1
DA:1579,0
DA:1581,0
DA:1583,19
DA:1584,19
DA:1586,19
DA:1587,0
DA:1588,0
DA:1590,0
DA:1591,0
DA:1592,0
DA:1594,0
DA:1595,0
DA:1596,0
DA:1598,0
DA:1602,0
DA:1603,0
DA:1605,0
DA:1606,0
DA:1607,0
DA:1608,0
DA:1610,0
DA:1614,1
DA:1615,0
DA:1617,0
DA:1618,0
DA:1620,19
DA:1621,19
DA:1623,19
DA:1624,0
DA:1627,19
DA:1628,0
DA:1630,0
DA:1631,0
DA:1632,0
DA:1636,0
DA:1637,0
DA:1641,19
DA:1642,0
DA:1644,0
DA:1645,0
DA:1646,0
DA:1650,0
DA:1651,0
DA:1655,19
DA:1656,0
DA:1658,0
DA:1659,0
DA:1660,0
DA:1662,0
DA:1663,0
DA:1667,0
DA:1668,0
DA:1669,0
DA:1670,0
DA:1674,19
DA:1675,76
DA:1676,0
DA:1678,0
DA:1680,0
DA:1683,0
DA:1689,1
DA:1690,0
DA:1691,0
DA:1693,19
DA:1694,19
DA:1696,1
DA:1697,1026
DA:1699,1026
DA:1700,1026
DA:1702,19
DA:1703,19
DA:1705,1
DA:1706,0
DA:1708,0
DA:1710,19
DA:1711,19
DA:1713,1
DA:1714,19
DA:1715,19
DA:1717,19
DA:1719,19
DA:1720,19
DA:1721,532
DA:1723,532
DA:1726,19
DA:1727,19
DA:1728,19
DA:1730,19
DA:1732,19
DA:1745,19
DA:1746,19
DA:1747,19
DA:1749,19
DA:1751,19
DA:1757,1
DA:1758,1064
DA:1759,1064
DA:1761,1064
DA:1762,532
DA:1763,57
DA:1764,0
DA:1768,475
DA:1769,1026
DA:1770,1026
DA:1774,532
DA:1775,19
DA:1778,19
DA:1779,19
DA:1780,19
DA:1781,19
DA:1783,19
DA:1784,0
DA:1785,19
DA:1789,19
DA:1790,38
DA:1792,38
DA:1793,1064
DA:1794,1064
DA:1797,38
DA:1801,19
DA:1802,2014
DA:1806,2014
DA:1807,2090
DA:1810,2090
DA:1811,1539
DA:1815,551
DA:1816,551
DA:1817,551
DA:1822,19
DA:1823,1007
DA:1824,1007
DA:1825,1083
DA:1827,1007
DA:1828,1007
DA:1830,1007
DA:1831,475
DA:1833,1007
DA:1836,19
DA:1837,1026
DA:1839,1026
DA:1840,0
DA:1842,1026
DA:1843,1026
DA:1844,1026
DA:1845,0
DA:1847,1026
DA:1848,0
DA:1850,1026
DA:1853,1026
DA:1855,1026
DA:1858,19
DA:1859,551
DA:1860,0
DA:1864,551
DA:1867,19
DA:1868,0
DA:1871,0
DA:1874,19
DA:1875,57
DA:1876,1026
DA:1881,19
DA:1882,38
DA:1883,0
DA:1888,19
DA:1889,0
DA:1892,19
DA:1895,171
DA:1896,551
DA:1900,19
DA:1901,38
DA:1902,0
DA:1907,1
DA:1908,95
DA:1911,19
DA:1912,95
DA:1913,0
DA:1918,19
DA:1919,0
DA:1922,19
DA:1923,0
DA:1926,19
DA:1927,0
DA:1930,19
DA:1931,19
DA:1935,19
DA:1936,19
DA:1937,19
DA:1938,19
DA:1939,19
DA:1941,19
DA:1943,1
DA:1944,56
DA:1949,19
DA:1950,0
DA:1951,0
DA:1953,0
DA:1954,0
DA:1956,0
DA:1957,0
DA:1959,0
DA:1960,0
DA:1961,0
DA:1962,0
DA:1964,0
DA:1965,0
DA:1967,0
DA:1968,0
DA:1970,0
DA:1971,0
DA:1973,0
DA:1974,0
DA:1976,0
DA:1979,0
DA:1980,0
DA:1982,0
DA:1983,0
DA:1986,0
DA:1991,19
DA:1993,19
DA:1994,56
DA:1995,0
DA:1997,56
DA:1998,56
DA:2000,56
DA:2001,56
DA:2003,0
DA:2004,0
DA:2005,0
DA:2006,0
DA:2008,0
DA:2009,0
DA:2011,0
DA:2012,0
DA:2014,0
DA:2015,0
DA:2017,0
DA:2020,0
DA:2021,0
DA:2023,0
DA:2024,0
DA:2027,0
DA:2032,19
DA:2034,19
DA:2035,0
DA:2036,0
DA:2038,0
DA:2039,0
DA:2041,0
DA:2042,0
DA:2044,0
DA:2045,0
DA:2046,0
DA:2047,0
DA:2049,0
DA:2050,0
DA:2052,0
DA:2053,0
DA:2055,0
DA:2056,0
DA:2058,0
DA:2061,0
DA:2062,0
DA:2064,0
DA:2065,0
DA:2068,0
DA:2073,19
DA:2074,0
DA:2075,0
DA:2077,0
DA:2078,0
DA:2080,0
DA:2082,0
DA:2083,0
DA:2084,0
DA:2086,0
DA:2087,0
DA:2088,0
DA:2091,19
DA:2096,19
DA:2097,347
DA:2100,19
DA:2101,567
DA:2102,567
DA:2109,0
DA:2110,567
DA:2113,19
DA:2114,347
DA:2118,19
DA:2119,19
DA:2120,19
DA:2121,19
DA:2123,1
DA:2124,0
DA:2126,19
DA:2128,19
DA:2129,0
DA:2130,0
DA:2131,0
DA:2132,0
DA:2134,0
DA:2135,0
DA:2136,0
DA:2139,19
DA:2141,0
DA:2142,0
DA:2144,0
DA:2156,0
DA:2157,0
DA:2164,0
DA:2173,19
DA:2175,19
DA:2176,0
DA:2180,19
DA:2182,19
DA:2183,190
DA:2184,190
DA:2195,0
DA:2196,0
DA:2197,0
DA:2198,0
DA:2199,0
DA:2200,0
DA:2206,19
DA:2208,19
DA:2209,19
DA:2279,19
DA:2280,19
DA:2281,19
DA:2282,0
DA:2286,19
DA:2287,19
DA:2288,19
DA:2291,19
DA:2292,19
DA:2293,19
DA:2294,19
DA:2295,0
DA:2297,19
LF:1221
LH:763
BRDA:7,1,0,19
BRDA:7,1,1,0
BRDA:7,2,0,19
BRDA:7,2,1,19
BRDA:7,3,0,0
BRDA:7,3,1,0
BRDA:7,4,0,0
BRDA:7,4,1,0
BRDA:7,5,0,0
BRDA:7,5,1,0
BRDA:7,6,0,0
BRDA:7,6,1,0
BRDA:7,7,0,0
BRDA:7,7,1,0
BRDA:7,8,0,190
BRDA:7,8,1,247
BRDA:7,9,0,0
BRDA:7,9,1,190
BRDA:7,10,0,0
BRDA:7,10,1,0
BRDA:7,11,0,0
BRDA:7,11,1,0
BRDA:7,12,0,0
BRDA:7,12,1,0
BRDA:7,13,0,0
BRDA:7,13,1,0
BRDA:7,14,0,399
BRDA:7,14,1,0
BRDA:7,15,0,19
BRDA:7,15,1,19
BRDA:58,16,0,233
BRDA:58,16,1,114
BRDA:83,17,0,0
BRDA:83,17,1,19
BRDA:82,18,0,19
BRDA:82,18,1,0
BRDA:88,19,0,19
BRDA:88,19,1,0
BRDA:103,20,0,0
BRDA:103,20,1,172
BRDA:111,21,0,0
BRDA:111,21,1,172
BRDA:119,22,0,172
BRDA:119,22,1,0
BRDA:129,23,0,157
BRDA:129,23,1,190
BRDA:131,24,0,0
BRDA:131,24,1,190
BRDA:132,25,0,0
BRDA:132,25,1,0
BRDA:132,26,0,0
BRDA:132,26,1,0
BRDA:136,27,0,0
BRDA:136,27,1,347
BRDA:140,28,0,0
BRDA:140,28,1,347
BRDA:145,29,0,0
BRDA:145,29,1,347
BRDA:145,30,0,347
BRDA:145,30,1,10
BRDA:148,31,0,347
BRDA:148,31,1,0
BRDA:150,32,0,0
BRDA:150,32,1,0
BRDA:151,33,0,0
BRDA:151,33,1,0
BRDA:154,34,0,10
BRDA:154,34,1,337
BRDA:154,35,0,347
BRDA:154,35,1,10
BRDA:159,36,0,337
BRDA:159,36,1,0
BRDA:162,37,0,261
BRDA:162,37,1,76
BRDA:164,38,0,51
BRDA:164,38,1,286
BRDA:171,39,0,0
BRDA:171,39,1,337
BRDA:173,40,0,0
BRDA:173,40,1,0
BRDA:176,41,0,0
BRDA:176,41,1,0
BRDA:179,42,0,0
BRDA:179,42,1,337
BRDA:183,43,0,0
BRDA:183,43,1,337
BRDA:182,44,0,337
BRDA:182,44,1,0
BRDA:186,45,0,0
BRDA:186,45,1,337
BRDA:186,46,0,337
BRDA:186,46,1,337
BRDA:207,47,0,21
BRDA:207,47,1,326
BRDA:209,48,0,0
BRDA:209,48,1,21
BRDA:213,49,0,0
BRDA:213,49,1,326
BRDA:217,50,0,325
BRDA:217,50,1,1
BRDA:217,51,0,326
BRDA:217,51,1,1
BRDA:220,52,0,326
BRDA:220,52,1,0
BRDA:220,53,0,326
BRDA:220,53,1,0
BRDA:224,54,0,0
BRDA:224,54,1,347
BRDA:233,55,0,35
BRDA:233,55,1,312
BRDA:238,56,0,0
BRDA:238,56,1,56
BRDA:238,57,0,56
BRDA:238,57,1,56
BRDA:238,57,2,56
BRDA:241,58,0,0
BRDA:241,58,1,56
BRDA:244,59,0,56
BRDA:244,59,1,0
BRDA:248,60,0,0
BRDA:248,60,1,56
BRDA:247,61,0,56
BRDA:247,61,1,0
BRDA:266,62,0,14
BRDA:266,62,1,37
BRDA:274,63,0,0
BRDA:274,63,1,86
BRDA:276,64,0,13
BRDA:276,64,1,73
BRDA:281,65,0,2
BRDA:281,65,1,84
BRDA:282,66,0,2
BRDA:282,66,1,2
BRDA:282,66,2,0
BRDA:282,66,3,0
BRDA:284,67,0,84
BRDA:284,67,1,0
BRDA:285,68,0,84
BRDA:285,68,1,0
BRDA:285,68,2,0
BRDA:285,69,0,84
BRDA:285,69,1,0
BRDA:289,70,0,86
BRDA:289,70,1,2
BRDA:289,70,2,2
BRDA:290,71,0,86
BRDA:290,71,1,84
BRDA:290,71,2,84
BRDA:293,72,0,86
BRDA:293,72,1,84
BRDA:293,72,2,84
BRDA:295,73,0,84
BRDA:295,73,1,0
BRDA:296,74,0,86
BRDA:296,74,1,0
BRDA:301,75,0,2
BRDA:301,75,1,84
BRDA:300,76,0,86
BRDA:300,76,1,84
BRDA:300,76,2,0
BRDA:300,76,3,0
BRDA:303,77,0,0
BRDA:303,77,1,86
BRDA:304,78,0,0
BRDA:304,78,1,0
BRDA:308,79,0,0
BRDA:308,79,1,0
BRDA:309,80,0,0
BRDA:309,80,1,0
BRDA:311,81,0,0
BRDA:311,81,1,0
BRDA:311,82,0,0
BRDA:311,82,1,0
BRDA:312,83,0,0
BRDA:312,83,1,0
BRDA:316,84,0,0
BRDA:316,84,1,86
BRDA:324,85,0,0
BRDA:324,85,1,86
BRDA:324,86,0,86
BRDA:324,86,1,86
BRDA:329,87,0,86
BRDA:329,87,1,0
BRDA:338,88,0,0
BRDA:338,88,1,0
BRDA:343,89,0,0
BRDA:343,89,1,0
BRDA:345,90,0,0
BRDA:345,90,1,0
BRDA:345,91,0,0
BRDA:345,91,1,0
BRDA:345,91,2,0
BRDA:348,92,0,0
BRDA:348,92,1,0
BRDA:368,93,0,86
BRDA:368,93,1,337
BRDA:377,94,0,0
BRDA:377,94,1,20
BRDA:377,95,0,20
BRDA:377,95,1,20
BRDA:381,96,0,0
BRDA:381,96,1,20
BRDA:381,97,0,20
BRDA:381,97,1,0
BRDA:382,98,0,0
BRDA:382,98,1,20
BRDA:387,99,0,20
BRDA:387,99,1,0
BRDA:396,100,0,19
BRDA:396,100,1,0
BRDA:399,101,0,19
BRDA:399,101,1,0
BRDA:400,102,0,19
BRDA:400,102,1,0
BRDA:401,103,0,19
BRDA:401,103,1,0
BRDA:404,104,0,0
BRDA:404,104,1,0
BRDA:404,104,2,0
BRDA:405,105,0,0
BRDA:405,105,1,0
BRDA:405,105,2,0
BRDA:412,106,0,1167
BRDA:412,106,1,580
BRDA:420,107,0,0
BRDA:420,107,1,20
BRDA:426,108,0,0
BRDA:426,108,1,20
BRDA:553,109,0,0
BRDA:553,109,1,551
BRDA:555,110,0,551
BRDA:555,110,1,0
BRDA:558,111,0,0
BRDA:558,111,1,0
BRDA:569,112,0,0
BRDA:569,112,1,551
BRDA:572,113,0,0
BRDA:572,113,1,551
BRDA:583,114,0,0
BRDA:583,114,1,551
BRDA:589,115,0,0
BRDA:589,115,1,0
BRDA:602,116,0,0
BRDA:602,116,1,0
BRDA:612,117,0,0
BRDA:612,117,1,0
BRDA:622,118,0,0
BRDA:622,118,1,347
BRDA:635,119,0,0
BRDA:635,119,1,1425
BRDA:639,120,0,0
BRDA:639,120,1,1425
BRDA:640,121,0,0
BRDA:640,121,1,0
BRDA:653,122,0,0
BRDA:653,122,1,0
BRDA:654,123,0,0
BRDA:654,123,1,0
BRDA:693,124,0,19
BRDA:693,124,1,0
BRDA:714,125,0,19
BRDA:714,125,1,0
BRDA:737,126,0,0
BRDA:737,126,1,0
BRDA:747,127,0,0
BRDA:747,127,1,0
BRDA:780,128,0,0
BRDA:780,128,1,0
BRDA:789,129,0,0
BRDA:789,129,1,19
BRDA:818,130,0,19
BRDA:818,130,1,0
BRDA:818,131,0,19
BRDA:818,131,1,19
BRDA:835,132,0,0
BRDA:835,132,1,1102
BRDA:835,133,0,1102
BRDA:835,133,1,0
BRDA:839,134,0,551
BRDA:839,134,1,551
BRDA:841,135,0,0
BRDA:841,135,1,551
BRDA:851,136,0,0
BRDA:851,136,1,551
BRDA:858,137,0,0
BRDA:858,137,1,0
BRDA:861,138,0,0
BRDA:861,138,1,0
BRDA:864,139,0,0
BRDA:864,139,1,0
BRDA:876,140,0,0
BRDA:876,140,1,0
BRDA:879,141,0,0
BRDA:879,141,1,0
BRDA:888,142,0,475
BRDA:888,142,1,76
BRDA:907,143,0,0
BRDA:907,143,1,475
BRDA:915,144,0,0
BRDA:915,144,1,19
BRDA:919,145,0,0
BRDA:919,145,1,0
BRDA:935,146,0,0
BRDA:935,146,1,0
BRDA:939,147,0,0
BRDA:939,147,1,0
BRDA:939,148,0,0
BRDA:939,148,1,0
BRDA:959,149,0,0
BRDA:959,149,1,686
BRDA:959,150,0,686
BRDA:959,150,1,686
BRDA:959,150,2,686
BRDA:961,151,0,172
BRDA:961,151,1,514
BRDA:963,152,0,3
BRDA:963,152,1,511
BRDA:964,153,0,514
BRDA:964,153,1,3
BRDA:964,153,2,3
BRDA:964,153,3,3
BRDA:964,153,4,3
BRDA:964,153,5,3
BRDA:972,154,0,164
BRDA:972,154,1,347
BRDA:989,155,0,0
BRDA:989,155,1,19
BRDA:1011,156,0,0
BRDA:1011,156,1,164
BRDA:1011,157,0,164
BRDA:1011,157,1,0
BRDA:1011,157,2,164
BRDA:1015,158,0,0
BRDA:1015,158,1,164
BRDA:1014,159,0,164
BRDA:1014,159,1,164
BRDA:1029,160,0,337
BRDA:1029,160,1,10
BRDA:1029,161,0,347
BRDA:1029,161,1,243
BRDA:1035,162,0,104
BRDA:1035,162,1,243
BRDA:1038,163,0,0
BRDA:1038,163,1,104
BRDA:1040,164,0,104
BRDA:1040,164,1,0
BRDA:1040,165,0,104
BRDA:1040,165,1,0
BRDA:1043,166,0,10
BRDA:1043,166,1,233
BRDA:1045,167,0,0
BRDA:1045,167,1,233
BRDA:1050,168,0,20
BRDA:1050,168,1,327
BRDA:1055,169,0,347
BRDA:1055,169,1,10
BRDA:1059,170,0,337
BRDA:1059,170,1,10
BRDA:1059,171,0,347
BRDA:1059,171,1,10
BRDA:1069,172,0,183
BRDA:1069,172,1,164
BRDA:1070,173,0,0
BRDA:1070,173,1,183
BRDA:1070,174,0,183
BRDA:1070,174,1,0
BRDA:1078,175,0,83
BRDA:1078,175,1,81
BRDA:1084,176,0,0
BRDA:1084,176,1,347
BRDA:1094,177,0,0
BRDA:1094,177,1,347
BRDA:1104,178,0,0
BRDA:1104,178,1,0
BRDA:1115,179,0,315
BRDA:1115,179,1,10
BRDA:1169,180,0,0
BRDA:1169,180,1,0
BRDA:1176,181,0,0
BRDA:1176,181,1,0
BRDA:1177,182,0,0
BRDA:1177,182,1,0
BRDA:1180,183,0,0
BRDA:1180,183,1,0
BRDA:1186,184,0,0
BRDA:1186,184,1,0
BRDA:1201,185,0,19
BRDA:1201,185,1,19
BRDA:1237,186,0,0
BRDA:1237,186,1,0
BRDA:1243,187,0,0
BRDA:1243,187,1,0
BRDA:1244,188,0,0
BRDA:1244,188,1,0
BRDA:1244,188,2,0
BRDA:1244,188,3,0
BRDA:1299,189,0,0
BRDA:1299,189,1,0
BRDA:1301,190,0,0
BRDA:1301,190,1,0
BRDA:1304,191,0,0
BRDA:1304,191,1,0
BRDA:1306,192,0,0
BRDA:1306,192,1,0
BRDA:1311,193,0,0
BRDA:1311,193,1,0
BRDA:1324,194,0,0
BRDA:1324,194,1,551
BRDA:1363,195,0,0
BRDA:1363,195,1,551
BRDA:1374,196,0,0
BRDA:1374,196,1,0
BRDA:1398,197,0,193
BRDA:1398,197,1,0
BRDA:1404,198,0,0
BRDA:1404,198,1,0
BRDA:1409,199,0,193
BRDA:1409,199,1,0
BRDA:1413,200,0,0
BRDA:1413,200,1,0
BRDA:1422,201,0,2816
BRDA:1422,201,1,193
BRDA:1425,202,0,347
BRDA:1425,202,1,2469
BRDA:1428,203,0,233
BRDA:1428,203,1,2236
BRDA:1442,204,0,10
BRDA:1442,204,1,183
BRDA:1452,205,0,0
BRDA:1452,205,1,193
BRDA:1461,206,0,3009
BRDA:1461,206,1,0
BRDA:1466,207,0,0
BRDA:1466,207,1,0
BRDA:1481,208,0,0
BRDA:1481,208,1,3009
BRDA:1481,209,0,3009
BRDA:1481,209,1,0
BRDA:1524,210,0,1026
BRDA:1524,210,1,1083
BRDA:1526,211,0,532
BRDA:1526,211,1,551
BRDA:1544,212,0,0
BRDA:1544,212,1,0
BRDA:1566,213,0,0
BRDA:1566,213,1,0
BRDA:1590,214,0,0
BRDA:1590,214,1,0
BRDA:1630,215,0,0
BRDA:1630,215,1,0
BRDA:1644,216,0,0
BRDA:1644,216,1,0
BRDA:1658,217,0,0
BRDA:1658,217,1,0
BRDA:1662,218,0,0
BRDA:1662,218,1,0
BRDA:1669,219,0,0
BRDA:1669,219,1,0
BRDA:1679,220,0,0
BRDA:1679,220,1,0
BRDA:1680,221,0,0
BRDA:1680,221,1,0
BRDA:1683,222,0,0
BRDA:1683,222,1,0
BRDA:1761,223,0,532
BRDA:1761,223,1,532
BRDA:1762,224,0,57
BRDA:1762,224,1,475
BRDA:1762,225,0,532
BRDA:1762,225,1,513
BRDA:1762,225,2,494
BRDA:1783,226,0,0
BRDA:1783,226,1,19
BRDA:1783,227,0,19
BRDA:1783,227,1,19
BRDA:1783,227,2,19
BRDA:1803,228,0,2014
BRDA:1803,228,1,0
BRDA:1810,229,0,1539
BRDA:1810,229,1,551
BRDA:1830,230,0,475
BRDA:1830,230,1,532
BRDA:1839,231,0,0
BRDA:1839,231,1,1026
BRDA:1844,232,0,0
BRDA:1844,232,1,1026
BRDA:1847,233,0,0
BRDA:1847,233,1,1026
BRDA:1859,234,0,0
BRDA:1859,234,1,551
BRDA:1877,235,0,551
BRDA:1877,235,1,475
BRDA:1884,236,0,0
BRDA:1884,236,1,0
BRDA:1944,237,0,56
BRDA:1944,237,1,56
BRDA:1944,237,2,56
BRDA:1944,237,3,0
BRDA:1950,238,0,0
BRDA:1950,238,1,0
BRDA:1956,239,0,0
BRDA:1956,239,1,0
BRDA:1966,240,0,0
BRDA:1966,240,1,0
BRDA:1966,240,2,0
BRDA:1966,240,3,0
BRDA:1979,241,0,0
BRDA:1979,241,1,0
BRDA:1987,242,0,0
BRDA:1987,242,1,0
BRDA:1994,243,0,0
BRDA:1994,243,1,56
BRDA:2000,244,0,56
BRDA:2000,244,1,0
BRDA:2010,245,0,0
BRDA:2010,245,1,0
BRDA:2010,245,2,0
BRDA:2020,246,0,0
BRDA:2020,246,1,0
BRDA:2028,247,0,0
BRDA:2028,247,1,0
BRDA:2035,248,0,0
BRDA:2035,248,1,0
BRDA:2041,249,0,0
BRDA:2041,249,1,0
BRDA:2051,250,0,0
BRDA:2051,250,1,0
BRDA:2051,250,2,0
BRDA:2061,251,0,0
BRDA:2061,251,1,0
BRDA:2069,252,0,0
BRDA:2069,252,1,0
BRDA:2074,253,0,0
BRDA:2074,253,1,0
BRDA:2074,254,0,0
BRDA:2074,254,1,0
BRDA:2075,255,0,0
BRDA:2075,255,1,0
BRDA:2082,256,0,0
BRDA:2082,256,1,0
BRDA:2086,257,0,0
BRDA:2086,257,1,0
BRDA:2101,258,0,0
BRDA:2101,258,1,567
BRDA:2101,259,0,567
BRDA:2101,259,1,567
BRDA:2102,260,0,0
BRDA:2102,260,1,567
BRDA:2102,261,0,567
BRDA:2102,261,1,463
BRDA:2102,261,2,230
BRDA:2102,261,3,224
BRDA:2102,261,4,224
BRDA:2102,261,5,224
BRDA:2102,261,6,0
BRDA:2110,262,0,567
BRDA:2110,262,1,347
BRDA:2114,263,0,347
BRDA:2114,263,1,35
BRDA:2114,263,2,35
BRDA:2114,263,3,35
BRDA:2129,264,0,0
BRDA:2129,264,1,0
BRDA:2131,265,0,0
BRDA:2131,265,1,0
BRDA:2131,266,0,0
BRDA:2131,266,1,0
BRDA:2141,267,0,0
BRDA:2141,267,1,0
BRDA:2144,268,0,0
BRDA:2144,268,1,0
BRDA:2159,269,0,0
BRDA:2159,269,1,0
BRDA:2176,270,0,0
BRDA:2176,270,1,0
BRDA:2180,271,0,19
BRDA:2180,271,1,0
BRDA:2206,272,0,19
BRDA:2206,272,1,0
BRDA:2280,273,0,19
BRDA:2280,273,1,0
BRDA:2287,274,0,19
BRDA:2287,274,1,0
BRDA:2291,275,0,19
BRDA:2291,275,1,19
BRDA:2291,275,2,0
BRDA:2292,276,0,19
BRDA:2292,276,1,0
BRDA:2294,277,0,0
BRDA:2294,277,1,19
BRDA:2298,278,0,0
BRDA:2298,278,1,19
BRDA:2298,279,0,19
BRDA:2298,279,1,0
BRF:594
BRH:268
end_of_record
